<?xml version="1.0" encoding="UTF-8"?>
<coverage generated="1754264269347" clover="3.2.0">
  <project timestamp="1754264269347" name="All files">
    <metrics statements="267" coveredstatements="204" conditionals="215" coveredconditionals="176" methods="84" coveredmethods="71" elements="566" coveredelements="451" complexity="0" loc="267" ncloc="267" packages="2" files="4" classes="4"/>
    <package name="components">
      <metrics statements="226" coveredstatements="204" conditionals="197" coveredconditionals="176" methods="78" coveredmethods="71"/>
      <file name="PatternSelector.tsx" path="/Users/tmkipper/repos/candlestick-screener/app/components/PatternSelector.tsx">
        <metrics statements="73" coveredstatements="60" conditionals="51" coveredconditionals="42" methods="24" coveredmethods="22"/>
        <line num="3" count="1" type="stmt"/>
        <line num="4" count="1" type="stmt"/>
        <line num="12" count="16" type="stmt"/>
        <line num="21" count="43" type="stmt"/>
        <line num="22" count="43" type="stmt"/>
        <line num="23" count="43" type="stmt"/>
        <line num="24" count="43" type="stmt"/>
        <line num="25" count="43" type="stmt"/>
        <line num="28" count="43" type="stmt"/>
        <line num="29" count="168" type="cond" truecount="2" falsecount="0"/>
        <line num="34" count="43" type="cond" truecount="2" falsecount="0"/>
        <line num="36" count="8" type="stmt"/>
        <line num="37" count="8" type="stmt"/>
        <line num="38" count="8" type="stmt"/>
        <line num="43" count="164" type="cond" truecount="2" falsecount="0"/>
        <line num="46" count="43" type="stmt"/>
        <line num="48" count="13" type="cond" truecount="2" falsecount="1"/>
        <line num="49" count="0" type="stmt"/>
        <line num="50" count="0" type="stmt"/>
        <line num="51" count="0" type="stmt"/>
        <line num="55" count="16" type="stmt"/>
        <line num="56" count="16" type="stmt"/>
        <line num="60" count="43" type="stmt"/>
        <line num="61" count="18" type="cond" truecount="0" falsecount="1"/>
        <line num="62" count="0" type="cond" truecount="0" falsecount="4"/>
        <line num="63" count="0" type="stmt"/>
        <line num="64" count="0" type="stmt"/>
        <line num="65" count="0" type="stmt"/>
        <line num="67" count="0" type="stmt"/>
        <line num="70" count="18" type="cond" truecount="3" falsecount="1"/>
        <line num="72" count="1" type="stmt"/>
        <line num="73" count="1" type="stmt"/>
        <line num="74" count="1" type="stmt"/>
        <line num="75" count="1" type="stmt"/>
        <line num="76" count="1" type="stmt"/>
        <line num="77" count="1" type="stmt"/>
        <line num="79" count="1" type="stmt"/>
        <line num="80" count="1" type="stmt"/>
        <line num="81" count="1" type="stmt"/>
        <line num="83" count="0" type="stmt"/>
        <line num="84" count="0" type="stmt"/>
        <line num="85" count="0" type="stmt"/>
        <line num="87" count="2" type="stmt"/>
        <line num="88" count="2" type="cond" truecount="3" falsecount="0"/>
        <line num="89" count="1" type="stmt"/>
        <line num="91" count="2" type="stmt"/>
        <line num="95" count="43" type="stmt"/>
        <line num="96" count="2" type="stmt"/>
        <line num="97" count="2" type="stmt"/>
        <line num="98" count="2" type="stmt"/>
        <line num="99" count="2" type="stmt"/>
        <line num="102" count="43" type="stmt"/>
        <line num="103" count="1" type="stmt"/>
        <line num="106" count="43" type="stmt"/>
        <line num="107" count="45" type="cond" truecount="3" falsecount="1"/>
        <line num="109" count="23" type="stmt"/>
        <line num="111" count="12" type="stmt"/>
        <line num="113" count="10" type="stmt"/>
        <line num="115" count="0" type="stmt"/>
        <line num="119" count="43" type="stmt"/>
        <line num="120" count="45" type="stmt"/>
        <line num="127" count="1" type="stmt"/>
        <line num="145" count="43" type="stmt"/>
        <line num="146" count="1" type="cond" truecount="0" falsecount="1"/>
        <line num="155" count="2" type="stmt"/>
        <line num="164" count="1" type="stmt"/>
        <line num="174" count="1" type="stmt"/>
        <line num="182" count="43" type="cond" truecount="1" falsecount="0"/>
        <line num="204" count="42" type="cond" truecount="1" falsecount="0"/>
        <line num="227" count="41" type="cond" truecount="1" falsecount="0"/>
        <line num="258" count="14" type="stmt"/>
        <line num="259" count="9" type="stmt"/>
        <line num="280" count="0" type="stmt"/>
      </file>
      <file name="ResultsTable.tsx" path="/Users/tmkipper/repos/candlestick-screener/app/components/ResultsTable.tsx">
        <metrics statements="66" coveredstatements="61" conditionals="79" coveredconditionals="74" methods="25" coveredmethods="22"/>
        <line num="3" count="1" type="stmt"/>
        <line num="11" count="1" type="stmt"/>
        <line num="22" count="31" type="stmt"/>
        <line num="33" count="38" type="cond" truecount="2" falsecount="0"/>
        <line num="34" count="38" type="stmt"/>
        <line num="37" count="38" type="stmt"/>
        <line num="38" count="31" type="stmt"/>
        <line num="39" count="31" type="stmt"/>
        <line num="42" count="31" type="stmt"/>
        <line num="43" count="31" type="stmt"/>
        <line num="44" count="31" type="stmt"/>
        <line num="48" count="38" type="stmt"/>
        <line num="49" count="2320" type="stmt"/>
        <line num="58" count="38" type="stmt"/>
        <line num="59" count="1152" type="cond" truecount="1" falsecount="0"/>
        <line num="60" count="1151" type="cond" truecount="0" falsecount="1"/>
        <line num="61" count="1151" type="cond" truecount="1" falsecount="0"/>
        <line num="62" count="0" type="cond" truecount="0" falsecount="1"/>
        <line num="63" count="0" type="stmt"/>
        <line num="67" count="38" type="stmt"/>
        <line num="72" count="1160" type="cond" truecount="2" falsecount="0"/>
        <line num="73" count="1105" type="stmt"/>
        <line num="74" count="55" type="cond" truecount="2" falsecount="0"/>
        <line num="75" count="54" type="stmt"/>
        <line num="77" count="1" type="stmt"/>
        <line num="80" count="1160" type="cond" truecount="2" falsecount="0"/>
        <line num="81" count="1160" type="cond" truecount="4" falsecount="0"/>
        <line num="83" count="1160" type="stmt"/>
        <line num="87" count="38" type="stmt"/>
        <line num="88" count="3" type="cond" truecount="0" falsecount="1"/>
        <line num="91" count="3" type="cond" truecount="4" falsecount="0"/>
        <line num="95" count="3" type="stmt"/>
        <line num="96" count="3" type="stmt"/>
        <line num="97" count="3" type="stmt"/>
        <line num="101" count="38" type="stmt"/>
        <line num="102" count="3" type="cond" truecount="1" falsecount="0"/>
        <line num="103" count="3" type="stmt"/>
        <line num="108" count="38" type="stmt"/>
        <line num="109" count="1" type="cond" truecount="2" falsecount="1"/>
        <line num="110" count="1" type="stmt"/>
        <line num="111" count="1" type="stmt"/>
        <line num="116" count="38" type="stmt"/>
        <line num="117" count="60" type="cond" truecount="1" falsecount="0"/>
        <line num="127" count="38" type="stmt"/>
        <line num="128" count="60" type="cond" truecount="1" falsecount="0"/>
        <line num="129" count="7" type="cond" truecount="2" falsecount="0"/>
        <line num="133" count="38" type="stmt"/>
        <line num="134" count="2" type="stmt"/>
        <line num="135" count="10" type="stmt"/>
        <line num="195" count="1" type="stmt"/>
        <line num="212" count="0" type="stmt"/>
        <line num="232" count="0" type="stmt"/>
        <line num="248" count="2" type="stmt"/>
        <line num="264" count="0" type="stmt"/>
        <line num="287" count="38" type="stmt"/>
        <line num="288" count="31" type="cond" truecount="3" falsecount="0"/>
        <line num="290" count="50" type="stmt"/>
        <line num="293" count="1110" type="stmt"/>
        <line num="297" count="38" type="stmt"/>
        <line num="298" count="1160" type="stmt"/>
        <line num="299" count="1160" type="stmt"/>
        <line num="301" count="1160" type="stmt"/>
        <line num="308" count="2" type="cond" truecount="2" falsecount="0"/>
        <line num="309" count="1" type="cond" truecount="2" falsecount="0"/>
        <line num="343" count="38" type="cond" truecount="1" falsecount="0"/>
        <line num="367" count="35" type="cond" truecount="3" falsecount="0"/>
      </file>
      <file name="StockScanner.tsx" path="/Users/tmkipper/repos/candlestick-screener/app/components/StockScanner.tsx">
        <metrics statements="87" coveredstatements="83" conditionals="67" coveredconditionals="60" methods="29" coveredmethods="27"/>
        <line num="3" count="1" type="stmt"/>
        <line num="4" count="1" type="stmt"/>
        <line num="15" count="1" type="stmt"/>
        <line num="33" count="24" type="cond" truecount="2" falsecount="0"/>
        <line num="34" count="87" type="stmt"/>
        <line num="43" count="87" type="stmt"/>
        <line num="44" count="87" type="stmt"/>
        <line num="45" count="87" type="stmt"/>
        <line num="46" count="87" type="stmt"/>
        <line num="47" count="87" type="stmt"/>
        <line num="50" count="87" type="stmt"/>
        <line num="57" count="87" type="stmt"/>
        <line num="58" count="24" type="stmt"/>
        <line num="59" count="24" type="stmt"/>
        <line num="62" count="24" type="stmt"/>
        <line num="63" count="24" type="stmt"/>
        <line num="64" count="24" type="stmt"/>
        <line num="68" count="87" type="stmt"/>
        <line num="69" count="30" type="stmt"/>
        <line num="70" count="37" type="cond" truecount="4" falsecount="0"/>
        <line num="71" count="1" type="stmt"/>
        <line num="72" count="1" type="stmt"/>
        <line num="75" count="37" type="cond" truecount="3" falsecount="0"/>
        <line num="76" count="1" type="stmt"/>
        <line num="77" count="1" type="stmt"/>
        <line num="81" count="30" type="stmt"/>
        <line num="82" count="30" type="stmt"/>
        <line num="85" count="87" type="stmt"/>
        <line num="86" count="9" type="stmt"/>
        <line num="88" count="9" type="cond" truecount="3" falsecount="0"/>
        <line num="89" count="1" type="stmt"/>
        <line num="92" count="9" type="cond" truecount="2" falsecount="1"/>
        <line num="93" count="0" type="stmt"/>
        <line num="96" count="9" type="cond" truecount="2" falsecount="1"/>
        <line num="97" count="0" type="stmt"/>
        <line num="100" count="9" type="cond" truecount="1" falsecount="0"/>
        <line num="105" count="1" type="stmt"/>
        <line num="108" count="9" type="stmt"/>
        <line num="111" count="87" type="stmt"/>
        <line num="112" count="9" type="cond" truecount="3" falsecount="0"/>
        <line num="114" count="3" type="stmt"/>
        <line num="115" count="3" type="stmt"/>
        <line num="117" count="3" type="cond" truecount="0" falsecount="1"/>
        <line num="119" count="3" type="stmt"/>
        <line num="127" count="3" type="stmt"/>
        <line num="128" count="3" type="stmt"/>
        <line num="131" count="87" type="stmt"/>
        <line num="132" count="1" type="stmt"/>
        <line num="140" count="1" type="stmt"/>
        <line num="141" count="1" type="stmt"/>
        <line num="142" count="1" type="stmt"/>
        <line num="145" count="87" type="stmt"/>
        <line num="146" count="6" type="stmt"/>
        <line num="147" count="6" type="stmt"/>
        <line num="148" count="6" type="stmt"/>
        <line num="149" count="6" type="stmt"/>
        <line num="150" count="6" type="stmt"/>
        <line num="154" count="87" type="stmt"/>
        <line num="155" count="33" type="stmt"/>
        <line num="158" count="33" type="cond" truecount="1" falsecount="0"/>
        <line num="159" count="21" type="stmt"/>
        <line num="160" count="21" type="stmt"/>
        <line num="161" count="21" type="stmt"/>
        <line num="162" count="21" type="stmt"/>
        <line num="165" count="33" type="cond" truecount="3" falsecount="0"/>
        <line num="166" count="11" type="stmt"/>
        <line num="167" count="11" type="stmt"/>
        <line num="168" count="11" type="stmt"/>
        <line num="169" count="11" type="stmt"/>
        <line num="170" count="11" type="stmt"/>
        <line num="171" count="11" type="stmt"/>
        <line num="176" count="87" type="stmt"/>
        <line num="177" count="32" type="cond" truecount="1" falsecount="1"/>
        <line num="178" count="32" type="stmt"/>
        <line num="181" count="87" type="cond" truecount="2" falsecount="0"/>
        <line num="207" count="8" type="stmt"/>
        <line num="208" count="8" type="stmt"/>
        <line num="231" count="1" type="stmt"/>
        <line num="248" count="0" type="stmt"/>
        <line num="273" count="21" type="stmt"/>
        <line num="274" count="2" type="stmt"/>
        <line num="295" count="6" type="stmt"/>
        <line num="296" count="3" type="stmt"/>
        <line num="317" count="5" type="stmt"/>
        <line num="318" count="1" type="stmt"/>
        <line num="340" count="1" type="stmt"/>
        <line num="363" count="0" type="stmt"/>
      </file>
    </package>
    <package name="lib">
      <metrics statements="41" coveredstatements="0" conditionals="18" coveredconditionals="0" methods="6" coveredmethods="0"/>
      <file name="api.ts" path="/Users/tmkipper/repos/candlestick-screener/app/lib/api.ts">
        <metrics statements="41" coveredstatements="0" conditionals="18" coveredconditionals="0" methods="6" coveredmethods="0"/>
        <line num="12" count="0" type="cond" truecount="0" falsecount="2"/>
        <line num="17" count="0" type="stmt"/>
        <line num="18" count="0" type="stmt"/>
        <line num="20" count="0" type="stmt"/>
        <line num="21" count="0" type="stmt"/>
        <line num="26" count="0" type="stmt"/>
        <line num="34" count="0" type="cond" truecount="0" falsecount="1"/>
        <line num="35" count="0" type="stmt"/>
        <line num="36" count="0" type="stmt"/>
        <line num="43" count="0" type="stmt"/>
        <line num="46" count="0" type="stmt"/>
        <line num="47" count="0" type="stmt"/>
        <line num="48" count="0" type="stmt"/>
        <line num="49" count="0" type="stmt"/>
        <line num="51" count="0" type="cond" truecount="0" falsecount="1"/>
        <line num="52" count="0" type="cond" truecount="0" falsecount="2"/>
        <line num="55" count="0" type="stmt"/>
        <line num="57" count="0" type="cond" truecount="0" falsecount="1"/>
        <line num="58" count="0" type="stmt"/>
        <line num="60" count="0" type="stmt"/>
        <line num="64" count="0" type="stmt"/>
        <line num="65" count="0" type="stmt"/>
        <line num="66" count="0" type="stmt"/>
        <line num="71" count="0" type="stmt"/>
        <line num="73" count="0" type="cond" truecount="0" falsecount="1"/>
        <line num="74" count="0" type="cond" truecount="0" falsecount="2"/>
        <line num="77" count="0" type="stmt"/>
        <line num="79" count="0" type="cond" truecount="0" falsecount="1"/>
        <line num="80" count="0" type="stmt"/>
        <line num="82" count="0" type="stmt"/>
        <line num="86" count="0" type="stmt"/>
        <line num="87" count="0" type="stmt"/>
        <line num="88" count="0" type="stmt"/>
        <line num="89" count="0" type="stmt"/>
        <line num="91" count="0" type="cond" truecount="0" falsecount="1"/>
        <line num="92" count="0" type="cond" truecount="0" falsecount="2"/>
        <line num="95" count="0" type="stmt"/>
        <line num="97" count="0" type="cond" truecount="0" falsecount="1"/>
        <line num="98" count="0" type="stmt"/>
        <line num="100" count="0" type="stmt"/>
        <line num="104" count="0" type="stmt"/>
      </file>
    </package>
  </project>
</coverage>
