{"/Users/tmkipper/repos/candlestick-screener/app/components/PatternSelector.tsx": {"path":"/Users/tmkipper/repos/candlestick-screener/app/components/PatternSelector.tsx","statementMap":{"0":{"start":{"line":12,"column":16},"end":{"line":12,"column":32}},"1":{"start":{"line":3,"column":51},"end":{"line":3,"column":null}},"2":{"start":{"line":4,"column":64},"end":{"line":4,"column":null}},"3":{"start":{"line":21,"column":30},"end":{"line":21,"column":null}},"4":{"start":{"line":22,"column":38},"end":{"line":22,"column":null}},"5":{"start":{"line":23,"column":42},"end":{"line":23,"column":null}},"6":{"start":{"line":24,"column":22},"end":{"line":24,"column":null}},"7":{"start":{"line":25,"column":19},"end":{"line":25,"column":null}},"8":{"start":{"line":28,"column":27},"end":{"line":30,"column":null}},"9":{"start":{"line":29,"column":4},"end":{"line":30,"column":null}},"10":{"start":{"line":34,"column":26},"end":{"line":40,"column":null}},"11":{"start":{"line":36,"column":46},"end":{"line":36,"column":null}},"12":{"start":{"line":37,"column":46},"end":{"line":37,"column":null}},"13":{"start":{"line":38,"column":46},"end":{"line":38,"column":null}},"14":{"start":{"line":43,"column":33},"end":{"line":43,"column":null}},"15":{"start":{"line":43,"column":52},"end":{"line":43,"column":81}},"16":{"start":{"line":46,"column":2},"end":{"line":57,"column":null}},"17":{"start":{"line":48,"column":6},"end":{"line":52,"column":null}},"18":{"start":{"line":49,"column":8},"end":{"line":49,"column":null}},"19":{"start":{"line":50,"column":8},"end":{"line":50,"column":null}},"20":{"start":{"line":51,"column":8},"end":{"line":51,"column":null}},"21":{"start":{"line":55,"column":4},"end":{"line":55,"column":null}},"22":{"start":{"line":56,"column":4},"end":{"line":56,"column":null}},"23":{"start":{"line":56,"column":17},"end":{"line":56,"column":null}},"24":{"start":{"line":60,"column":24},"end":{"line":93,"column":null}},"25":{"start":{"line":61,"column":4},"end":{"line":68,"column":null}},"26":{"start":{"line":62,"column":6},"end":{"line":66,"column":null}},"27":{"start":{"line":63,"column":8},"end":{"line":63,"column":null}},"28":{"start":{"line":64,"column":8},"end":{"line":64,"column":null}},"29":{"start":{"line":65,"column":8},"end":{"line":65,"column":null}},"30":{"start":{"line":67,"column":6},"end":{"line":67,"column":null}},"31":{"start":{"line":70,"column":4},"end":{"line":92,"column":null}},"32":{"start":{"line":72,"column":8},"end":{"line":72,"column":null}},"33":{"start":{"line":73,"column":8},"end":{"line":73,"column":null}},"34":{"start":{"line":74,"column":8},"end":{"line":74,"column":null}},"35":{"start":{"line":75,"column":8},"end":{"line":75,"column":null}},"36":{"start":{"line":76,"column":8},"end":{"line":76,"column":null}},"37":{"start":{"line":77,"column":8},"end":{"line":77,"column":null}},"38":{"start":{"line":79,"column":8},"end":{"line":79,"column":null}},"39":{"start":{"line":80,"column":8},"end":{"line":80,"column":null}},"40":{"start":{"line":80,"column":32},"end":{"line":80,"column":null}},"41":{"start":{"line":81,"column":8},"end":{"line":81,"column":null}},"42":{"start":{"line":83,"column":8},"end":{"line":83,"column":null}},"43":{"start":{"line":84,"column":8},"end":{"line":84,"column":null}},"44":{"start":{"line":84,"column":32},"end":{"line":84,"column":null}},"45":{"start":{"line":85,"column":8},"end":{"line":85,"column":null}},"46":{"start":{"line":87,"column":8},"end":{"line":87,"column":null}},"47":{"start":{"line":88,"column":8},"end":{"line":90,"column":null}},"48":{"start":{"line":89,"column":10},"end":{"line":89,"column":null}},"49":{"start":{"line":91,"column":8},"end":{"line":91,"column":null}},"50":{"start":{"line":95,"column":30},"end":{"line":100,"column":null}},"51":{"start":{"line":96,"column":4},"end":{"line":96,"column":null}},"52":{"start":{"line":97,"column":4},"end":{"line":97,"column":null}},"53":{"start":{"line":98,"column":4},"end":{"line":98,"column":null}},"54":{"start":{"line":99,"column":4},"end":{"line":99,"column":null}},"55":{"start":{"line":102,"column":31},"end":{"line":104,"column":null}},"56":{"start":{"line":103,"column":4},"end":{"line":103,"column":null}},"57":{"start":{"line":106,"column":30},"end":{"line":117,"column":null}},"58":{"start":{"line":107,"column":4},"end":{"line":116,"column":null}},"59":{"start":{"line":109,"column":8},"end":{"line":109,"column":null}},"60":{"start":{"line":111,"column":8},"end":{"line":111,"column":null}},"61":{"start":{"line":113,"column":8},"end":{"line":113,"column":null}},"62":{"start":{"line":115,"column":8},"end":{"line":115,"column":null}},"63":{"start":{"line":119,"column":24},"end":{"line":121,"column":null}},"64":{"start":{"line":120,"column":4},"end":{"line":121,"column":null}},"65":{"start":{"line":127,"column":21},"end":{"line":127,"column":null}},"66":{"start":{"line":145,"column":32},"end":{"line":180,"column":null}},"67":{"start":{"line":146,"column":4},"end":{"line":146,"column":null}},"68":{"start":{"line":146,"column":26},"end":{"line":146,"column":null}},"69":{"start":{"line":155,"column":61},"end":{"line":155,"column":null}},"70":{"start":{"line":164,"column":14},"end":{"line":164,"column":null}},"71":{"start":{"line":174,"column":14},"end":{"line":174,"column":null}},"72":{"start":{"line":182,"column":2},"end":{"line":202,"column":null}},"73":{"start":{"line":204,"column":2},"end":{"line":225,"column":null}},"74":{"start":{"line":227,"column":2},"end":{"line":244,"column":null}},"75":{"start":{"line":258,"column":27},"end":{"line":258,"column":null}},"76":{"start":{"line":259,"column":25},"end":{"line":259,"column":null}},"77":{"start":{"line":280,"column":27},"end":{"line":280,"column":null}}},"fnMap":{"0":{"name":"PatternSelector","decl":{"start":{"line":12,"column":16},"end":{"line":12,"column":32}},"loc":{"start":{"line":20,"column":31},"end":{"line":303,"column":null}}},"1":{"name":"(anonymous_5)","decl":{"start":{"line":28,"column":43},"end":{"line":28,"column":null}},"loc":{"start":{"line":29,"column":4},"end":{"line":30,"column":null}}},"2":{"name":"(anonymous_6)","decl":{"start":{"line":36,"column":41},"end":{"line":36,"column":46}},"loc":{"start":{"line":36,"column":46},"end":{"line":36,"column":null}}},"3":{"name":"(anonymous_7)","decl":{"start":{"line":37,"column":41},"end":{"line":37,"column":46}},"loc":{"start":{"line":37,"column":46},"end":{"line":37,"column":null}}},"4":{"name":"(anonymous_8)","decl":{"start":{"line":38,"column":41},"end":{"line":38,"column":46}},"loc":{"start":{"line":38,"column":46},"end":{"line":38,"column":null}}},"5":{"name":"(anonymous_9)","decl":{"start":{"line":43,"column":47},"end":{"line":43,"column":52}},"loc":{"start":{"line":43,"column":52},"end":{"line":43,"column":81}}},"6":{"name":"(anonymous_10)","decl":{"start":{"line":46,"column":12},"end":{"line":46,"column":null}},"loc":{"start":{"line":46,"column":12},"end":{"line":57,"column":5}}},"7":{"name":"handleClickOutside","decl":{"start":{"line":47,"column":13},"end":{"line":47,"column":32}},"loc":{"start":{"line":47,"column":49},"end":{"line":53,"column":null}}},"8":{"name":"(anonymous_12)","decl":{"start":{"line":56,"column":11},"end":{"line":56,"column":17}},"loc":{"start":{"line":56,"column":17},"end":{"line":56,"column":null}}},"9":{"name":"(anonymous_13)","decl":{"start":{"line":60,"column":24},"end":{"line":60,"column":25}},"loc":{"start":{"line":60,"column":25},"end":{"line":93,"column":null}}},"10":{"name":"(anonymous_14)","decl":{"start":{"line":80,"column":24},"end":{"line":80,"column":32}},"loc":{"start":{"line":80,"column":32},"end":{"line":80,"column":null}}},"11":{"name":"(anonymous_15)","decl":{"start":{"line":84,"column":24},"end":{"line":84,"column":32}},"loc":{"start":{"line":84,"column":32},"end":{"line":84,"column":null}}},"12":{"name":"(anonymous_16)","decl":{"start":{"line":95,"column":30},"end":{"line":95,"column":31}},"loc":{"start":{"line":95,"column":31},"end":{"line":100,"column":null}}},"13":{"name":"(anonymous_17)","decl":{"start":{"line":102,"column":31},"end":{"line":102,"column":null}},"loc":{"start":{"line":102,"column":31},"end":{"line":104,"column":null}}},"14":{"name":"(anonymous_18)","decl":{"start":{"line":106,"column":30},"end":{"line":106,"column":31}},"loc":{"start":{"line":106,"column":31},"end":{"line":117,"column":null}}},"15":{"name":"(anonymous_19)","decl":{"start":{"line":119,"column":24},"end":{"line":119,"column":25}},"loc":{"start":{"line":120,"column":4},"end":{"line":121,"column":null}}},"16":{"name":"(anonymous_20)","decl":{"start":{"line":127,"column":15},"end":{"line":127,"column":21}},"loc":{"start":{"line":127,"column":21},"end":{"line":127,"column":null}}},"17":{"name":"(anonymous_21)","decl":{"start":{"line":145,"column":32},"end":{"line":145,"column":null}},"loc":{"start":{"line":145,"column":32},"end":{"line":180,"column":null}}},"18":{"name":"(anonymous_22)","decl":{"start":{"line":155,"column":41},"end":{"line":155,"column":42}},"loc":{"start":{"line":155,"column":61},"end":{"line":155,"column":null}}},"19":{"name":"(anonymous_23)","decl":{"start":{"line":163,"column":41},"end":{"line":163,"column":42}},"loc":{"start":{"line":164,"column":14},"end":{"line":164,"column":null}}},"20":{"name":"(anonymous_24)","decl":{"start":{"line":173,"column":41},"end":{"line":173,"column":42}},"loc":{"start":{"line":174,"column":14},"end":{"line":174,"column":null}}},"21":{"name":"(anonymous_25)","decl":{"start":{"line":258,"column":20},"end":{"line":258,"column":21}},"loc":{"start":{"line":258,"column":27},"end":{"line":258,"column":null}}},"22":{"name":"(anonymous_26)","decl":{"start":{"line":259,"column":19},"end":{"line":259,"column":25}},"loc":{"start":{"line":259,"column":25},"end":{"line":259,"column":null}}},"23":{"name":"(anonymous_27)","decl":{"start":{"line":280,"column":21},"end":{"line":280,"column":27}},"loc":{"start":{"line":280,"column":27},"end":{"line":280,"column":null}}}},"branchMap":{"0":{"loc":{"start":{"line":16,"column":2},"end":{"line":16,"column":17}},"type":"default-arg","locations":[{"start":{"line":16,"column":12},"end":{"line":16,"column":17}}]},"1":{"loc":{"start":{"line":17,"column":2},"end":{"line":17,"column":14}},"type":"default-arg","locations":[{"start":{"line":17,"column":10},"end":{"line":17,"column":14}}]},"2":{"loc":{"start":{"line":18,"column":2},"end":{"line":18,"column":21}},"type":"default-arg","locations":[{"start":{"line":18,"column":16},"end":{"line":18,"column":21}}]},"3":{"loc":{"start":{"line":19,"column":2},"end":{"line":19,"column":26}},"type":"default-arg","locations":[{"start":{"line":19,"column":21},"end":{"line":19,"column":26}}]},"4":{"loc":{"start":{"line":29,"column":4},"end":{"line":30,"column":null}},"type":"binary-expr","locations":[{"start":{"line":29,"column":4},"end":{"line":29,"column":null}},{"start":{"line":30,"column":4},"end":{"line":30,"column":null}}]},"5":{"loc":{"start":{"line":34,"column":26},"end":{"line":40,"column":null}},"type":"cond-expr","locations":[{"start":{"line":35,"column":6},"end":{"line":39,"column":null}},{"start":{"line":40,"column":6},"end":{"line":40,"column":null}}]},"6":{"loc":{"start":{"line":43,"column":33},"end":{"line":43,"column":null}},"type":"binary-expr","locations":[{"start":{"line":43,"column":33},"end":{"line":43,"column":96}},{"start":{"line":43,"column":96},"end":{"line":43,"column":null}}]},"7":{"loc":{"start":{"line":48,"column":6},"end":{"line":52,"column":null}},"type":"if","locations":[{"start":{"line":48,"column":6},"end":{"line":52,"column":null}}]},"8":{"loc":{"start":{"line":48,"column":10},"end":{"line":48,"column":86}},"type":"binary-expr","locations":[{"start":{"line":48,"column":10},"end":{"line":48,"column":29}},{"start":{"line":48,"column":33},"end":{"line":48,"column":86}}]},"9":{"loc":{"start":{"line":61,"column":4},"end":{"line":68,"column":null}},"type":"if","locations":[{"start":{"line":61,"column":4},"end":{"line":68,"column":null}}]},"10":{"loc":{"start":{"line":62,"column":6},"end":{"line":66,"column":null}},"type":"if","locations":[{"start":{"line":62,"column":6},"end":{"line":66,"column":null}}]},"11":{"loc":{"start":{"line":62,"column":10},"end":{"line":62,"column":83}},"type":"binary-expr","locations":[{"start":{"line":62,"column":10},"end":{"line":62,"column":35}},{"start":{"line":62,"column":35},"end":{"line":62,"column":56}},{"start":{"line":62,"column":56},"end":{"line":62,"column":83}}]},"12":{"loc":{"start":{"line":70,"column":4},"end":{"line":92,"column":null}},"type":"switch","locations":[{"start":{"line":71,"column":6},"end":{"line":77,"column":null}},{"start":{"line":78,"column":6},"end":{"line":81,"column":null}},{"start":{"line":82,"column":6},"end":{"line":85,"column":null}},{"start":{"line":86,"column":6},"end":{"line":91,"column":null}}]},"13":{"loc":{"start":{"line":88,"column":8},"end":{"line":90,"column":null}},"type":"if","locations":[{"start":{"line":88,"column":8},"end":{"line":90,"column":null}}]},"14":{"loc":{"start":{"line":88,"column":12},"end":{"line":88,"column":63}},"type":"binary-expr","locations":[{"start":{"line":88,"column":12},"end":{"line":88,"column":33}},{"start":{"line":88,"column":33},"end":{"line":88,"column":63}}]},"15":{"loc":{"start":{"line":107,"column":4},"end":{"line":116,"column":null}},"type":"switch","locations":[{"start":{"line":108,"column":6},"end":{"line":109,"column":null}},{"start":{"line":110,"column":6},"end":{"line":111,"column":null}},{"start":{"line":112,"column":6},"end":{"line":113,"column":null}},{"start":{"line":114,"column":6},"end":{"line":115,"column":null}}]},"16":{"loc":{"start":{"line":123,"column":8},"end":{"line":125,"column":null}},"type":"cond-expr","locations":[{"start":{"line":124,"column":12},"end":{"line":124,"column":null}},{"start":{"line":125,"column":12},"end":{"line":125,"column":null}}]},"17":{"loc":{"start":{"line":139,"column":7},"end":{"line":139,"column":27}},"type":"binary-expr","locations":[{"start":{"line":139,"column":7},"end":{"line":139,"column":27}},{"start":{"line":139,"column":27},"end":{"line":139,"column":46}}]},"18":{"loc":{"start":{"line":146,"column":4},"end":{"line":146,"column":null}},"type":"if","locations":[{"start":{"line":146,"column":4},"end":{"line":146,"column":null}}]},"19":{"loc":{"start":{"line":150,"column":9},"end":{"line":150,"column":null}},"type":"binary-expr","locations":[{"start":{"line":150,"column":9},"end":{"line":150,"column":null}}]},"20":{"loc":{"start":{"line":158,"column":9},"end":{"line":158,"column":null}},"type":"binary-expr","locations":[{"start":{"line":158,"column":9},"end":{"line":158,"column":null}}]},"21":{"loc":{"start":{"line":168,"column":9},"end":{"line":168,"column":null}},"type":"binary-expr","locations":[{"start":{"line":168,"column":9},"end":{"line":168,"column":null}}]},"22":{"loc":{"start":{"line":182,"column":2},"end":{"line":202,"column":null}},"type":"if","locations":[{"start":{"line":182,"column":2},"end":{"line":202,"column":null}}]},"23":{"loc":{"start":{"line":204,"column":2},"end":{"line":225,"column":null}},"type":"if","locations":[{"start":{"line":204,"column":2},"end":{"line":225,"column":null}}]},"24":{"loc":{"start":{"line":227,"column":2},"end":{"line":244,"column":null}},"type":"if","locations":[{"start":{"line":227,"column":2},"end":{"line":244,"column":null}}]},"25":{"loc":{"start":{"line":256,"column":23},"end":{"line":256,"column":null}},"type":"cond-expr","locations":[{"start":{"line":256,"column":41},"end":{"line":256,"column":66}},{"start":{"line":256,"column":66},"end":{"line":256,"column":null}}]},"26":{"loc":{"start":{"line":257,"column":17},"end":{"line":257,"column":null}},"type":"cond-expr","locations":[{"start":{"line":257,"column":26},"end":{"line":257,"column":39}},{"start":{"line":257,"column":39},"end":{"line":257,"column":null}}]},"27":{"loc":{"start":{"line":267,"column":11},"end":{"line":267,"column":null}},"type":"binary-expr","locations":[{"start":{"line":267,"column":11},"end":{"line":267,"column":null}}]},"28":{"loc":{"start":{"line":283,"column":72},"end":{"line":283,"column":99}},"type":"cond-expr","locations":[{"start":{"line":283,"column":81},"end":{"line":283,"column":96}},{"start":{"line":283,"column":96},"end":{"line":283,"column":99}}]},"29":{"loc":{"start":{"line":287,"column":9},"end":{"line":287,"column":null}},"type":"binary-expr","locations":[{"start":{"line":287,"column":9},"end":{"line":287,"column":null}}]},"30":{"loc":{"start":{"line":290,"column":14},"end":{"line":294,"column":15}},"type":"cond-expr","locations":[{"start":{"line":290,"column":14},"end":{"line":294,"column":15}}]},"31":{"loc":{"start":{"line":295,"column":17},"end":{"line":295,"column":null}},"type":"cond-expr","locations":[{"start":{"line":295,"column":31},"end":{"line":295,"column":57}},{"start":{"line":295,"column":57},"end":{"line":295,"column":null}}]}},"s":{"0":16,"1":1,"2":1,"3":43,"4":43,"5":43,"6":43,"7":43,"8":43,"9":168,"10":43,"11":8,"12":8,"13":8,"14":43,"15":164,"16":43,"17":13,"18":0,"19":0,"20":0,"21":16,"22":16,"23":16,"24":43,"25":18,"26":0,"27":0,"28":0,"29":0,"30":0,"31":18,"32":1,"33":1,"34":1,"35":1,"36":1,"37":1,"38":1,"39":1,"40":1,"41":1,"42":0,"43":0,"44":0,"45":0,"46":2,"47":2,"48":1,"49":2,"50":43,"51":2,"52":2,"53":2,"54":2,"55":43,"56":1,"57":43,"58":45,"59":23,"60":12,"61":10,"62":0,"63":43,"64":45,"65":1,"66":43,"67":1,"68":0,"69":2,"70":1,"71":1,"72":43,"73":42,"74":41,"75":14,"76":9,"77":0},"f":{"0":43,"1":168,"2":8,"3":8,"4":8,"5":164,"6":16,"7":13,"8":16,"9":18,"10":1,"11":0,"12":2,"13":1,"14":45,"15":45,"16":1,"17":1,"18":2,"19":1,"20":1,"21":14,"22":9,"23":0},"b":{"0":[42],"1":[42],"2":[41],"3":[41],"4":[168,51],"5":[2,41],"6":[43,41],"7":[0],"8":[13,13],"9":[0],"10":[0],"11":[0,0,0],"12":[1,1,0,2],"13":[1],"14":[2,1],"15":[23,12,10,0],"16":[1,44],"17":[45,4],"18":[0],"19":[1],"20":[1],"21":[1],"22":[1],"23":[1],"24":[1],"25":[2,38],"26":[24,16],"27":[40],"28":[24,16],"29":[40],"30":[10],"31":[1,13]}}
,"/Users/tmkipper/repos/candlestick-screener/app/components/ResultsTable.tsx": {"path":"/Users/tmkipper/repos/candlestick-screener/app/components/ResultsTable.tsx","statementMap":{"0":{"start":{"line":22,"column":16},"end":{"line":22,"column":29}},"1":{"start":{"line":3,"column":52},"end":{"line":3,"column":null}},"2":{"start":{"line":11,"column":7},"end":{"line":11,"column":null}},"3":{"start":{"line":33,"column":52},"end":{"line":33,"column":null}},"4":{"start":{"line":34,"column":34},"end":{"line":34,"column":null}},"5":{"start":{"line":37,"column":2},"end":{"line":45,"column":null}},"6":{"start":{"line":38,"column":24},"end":{"line":40,"column":null}},"7":{"start":{"line":39,"column":6},"end":{"line":39,"column":null}},"8":{"start":{"line":42,"column":4},"end":{"line":42,"column":null}},"9":{"start":{"line":43,"column":4},"end":{"line":43,"column":null}},"10":{"start":{"line":44,"column":4},"end":{"line":44,"column":null}},"11":{"start":{"line":44,"column":17},"end":{"line":44,"column":null}},"12":{"start":{"line":48,"column":25},"end":{"line":55,"column":null}},"13":{"start":{"line":49,"column":4},"end":{"line":54,"column":null}},"14":{"start":{"line":58,"column":23},"end":{"line":64,"column":null}},"15":{"start":{"line":59,"column":4},"end":{"line":59,"column":null}},"16":{"start":{"line":59,"column":22},"end":{"line":59,"column":null}},"17":{"start":{"line":60,"column":4},"end":{"line":60,"column":null}},"18":{"start":{"line":60,"column":23},"end":{"line":60,"column":null}},"19":{"start":{"line":61,"column":4},"end":{"line":61,"column":null}},"20":{"start":{"line":61,"column":23},"end":{"line":61,"column":null}},"21":{"start":{"line":62,"column":4},"end":{"line":62,"column":null}},"22":{"start":{"line":62,"column":23},"end":{"line":62,"column":null}},"23":{"start":{"line":63,"column":4},"end":{"line":63,"column":null}},"24":{"start":{"line":67,"column":23},"end":{"line":84,"column":null}},"25":{"start":{"line":72,"column":4},"end":{"line":78,"column":null}},"26":{"start":{"line":73,"column":6},"end":{"line":73,"column":null}},"27":{"start":{"line":74,"column":11},"end":{"line":78,"column":null}},"28":{"start":{"line":75,"column":6},"end":{"line":75,"column":48}},"29":{"start":{"line":77,"column":6},"end":{"line":77,"column":54}},"30":{"start":{"line":80,"column":23},"end":{"line":80,"column":99}},"31":{"start":{"line":81,"column":22},"end":{"line":81,"column":null}},"32":{"start":{"line":83,"column":4},"end":{"line":83,"column":null}},"33":{"start":{"line":87,"column":21},"end":{"line":98,"column":null}},"34":{"start":{"line":88,"column":4},"end":{"line":88,"column":null}},"35":{"start":{"line":88,"column":17},"end":{"line":88,"column":null}},"36":{"start":{"line":91,"column":6},"end":{"line":93,"column":null}},"37":{"start":{"line":95,"column":26},"end":{"line":95,"column":null}},"38":{"start":{"line":96,"column":4},"end":{"line":96,"column":null}},"39":{"start":{"line":97,"column":4},"end":{"line":97,"column":null}},"40":{"start":{"line":101,"column":25},"end":{"line":105,"column":null}},"41":{"start":{"line":102,"column":4},"end":{"line":104,"column":null}},"42":{"start":{"line":103,"column":6},"end":{"line":103,"column":null}},"43":{"start":{"line":108,"column":27},"end":{"line":113,"column":null}},"44":{"start":{"line":109,"column":4},"end":{"line":112,"column":null}},"45":{"start":{"line":110,"column":6},"end":{"line":110,"column":null}},"46":{"start":{"line":111,"column":6},"end":{"line":111,"column":null}},"47":{"start":{"line":116,"column":22},"end":{"line":124,"column":null}},"48":{"start":{"line":117,"column":4},"end":{"line":117,"column":null}},"49":{"start":{"line":117,"column":46},"end":{"line":117,"column":null}},"50":{"start":{"line":127,"column":31},"end":{"line":130,"column":null}},"51":{"start":{"line":128,"column":4},"end":{"line":128,"column":null}},"52":{"start":{"line":128,"column":46},"end":{"line":128,"column":null}},"53":{"start":{"line":129,"column":4},"end":{"line":129,"column":null}},"54":{"start":{"line":133,"column":29},"end":{"line":162,"column":null}},"55":{"start":{"line":134,"column":4},"end":{"line":135,"column":36}},"56":{"start":{"line":135,"column":6},"end":{"line":135,"column":36}},"57":{"start":{"line":195,"column":29},"end":{"line":195,"column":null}},"58":{"start":{"line":212,"column":31},"end":{"line":212,"column":null}},"59":{"start":{"line":232,"column":29},"end":{"line":232,"column":null}},"60":{"start":{"line":248,"column":29},"end":{"line":248,"column":null}},"61":{"start":{"line":264,"column":29},"end":{"line":264,"column":null}},"62":{"start":{"line":287,"column":25},"end":{"line":294,"column":null}},"63":{"start":{"line":288,"column":4},"end":{"line":291,"column":null}},"64":{"start":{"line":290,"column":6},"end":{"line":290,"column":null}},"65":{"start":{"line":290,"column":57},"end":{"line":290,"column":null}},"66":{"start":{"line":293,"column":4},"end":{"line":293,"column":null}},"67":{"start":{"line":293,"column":42},"end":{"line":293,"column":null}},"68":{"start":{"line":297,"column":24},"end":{"line":340,"column":null}},"69":{"start":{"line":298,"column":23},"end":{"line":298,"column":null}},"70":{"start":{"line":299,"column":24},"end":{"line":299,"column":null}},"71":{"start":{"line":301,"column":4},"end":{"line":303,"column":null}},"72":{"start":{"line":308,"column":37},"end":{"line":308,"column":62}},"73":{"start":{"line":309,"column":40},"end":{"line":309,"column":70}},"74":{"start":{"line":343,"column":2},"end":{"line":364,"column":null}},"75":{"start":{"line":367,"column":2},"end":{"line":377,"column":null}}},"fnMap":{"0":{"name":"ResultsTable","decl":{"start":{"line":22,"column":16},"end":{"line":22,"column":29}},"loc":{"start":{"line":32,"column":28},"end":{"line":417,"column":null}}},"1":{"name":"(anonymous_5)","decl":{"start":{"line":37,"column":12},"end":{"line":37,"column":null}},"loc":{"start":{"line":37,"column":12},"end":{"line":45,"column":5}}},"2":{"name":"(anonymous_6)","decl":{"start":{"line":38,"column":24},"end":{"line":38,"column":null}},"loc":{"start":{"line":38,"column":24},"end":{"line":40,"column":null}}},"3":{"name":"(anonymous_7)","decl":{"start":{"line":44,"column":11},"end":{"line":44,"column":17}},"loc":{"start":{"line":44,"column":17},"end":{"line":44,"column":null}}},"4":{"name":"(anonymous_8)","decl":{"start":{"line":48,"column":25},"end":{"line":48,"column":26}},"loc":{"start":{"line":48,"column":26},"end":{"line":55,"column":null}}},"5":{"name":"(anonymous_9)","decl":{"start":{"line":58,"column":23},"end":{"line":58,"column":24}},"loc":{"start":{"line":58,"column":24},"end":{"line":64,"column":null}}},"6":{"name":"(anonymous_10)","decl":{"start":{"line":67,"column":23},"end":{"line":67,"column":24}},"loc":{"start":{"line":67,"column":40},"end":{"line":84,"column":null}}},"7":{"name":"(anonymous_11)","decl":{"start":{"line":87,"column":21},"end":{"line":87,"column":22}},"loc":{"start":{"line":87,"column":22},"end":{"line":98,"column":null}}},"8":{"name":"(anonymous_12)","decl":{"start":{"line":101,"column":25},"end":{"line":101,"column":26}},"loc":{"start":{"line":101,"column":26},"end":{"line":105,"column":null}}},"9":{"name":"(anonymous_13)","decl":{"start":{"line":108,"column":27},"end":{"line":108,"column":28}},"loc":{"start":{"line":108,"column":56},"end":{"line":113,"column":null}}},"10":{"name":"(anonymous_14)","decl":{"start":{"line":116,"column":22},"end":{"line":116,"column":23}},"loc":{"start":{"line":116,"column":23},"end":{"line":124,"column":null}}},"11":{"name":"(anonymous_15)","decl":{"start":{"line":127,"column":31},"end":{"line":127,"column":32}},"loc":{"start":{"line":127,"column":32},"end":{"line":130,"column":null}}},"12":{"name":"(anonymous_16)","decl":{"start":{"line":133,"column":29},"end":{"line":133,"column":null}},"loc":{"start":{"line":133,"column":29},"end":{"line":162,"column":null}}},"13":{"name":"(anonymous_17)","decl":{"start":{"line":134,"column":41},"end":{"line":134,"column":42}},"loc":{"start":{"line":135,"column":6},"end":{"line":135,"column":36}}},"14":{"name":"(anonymous_21)","decl":{"start":{"line":195,"column":23},"end":{"line":195,"column":29}},"loc":{"start":{"line":195,"column":29},"end":{"line":195,"column":null}}},"15":{"name":"(anonymous_22)","decl":{"start":{"line":212,"column":25},"end":{"line":212,"column":31}},"loc":{"start":{"line":212,"column":31},"end":{"line":212,"column":null}}},"16":{"name":"(anonymous_23)","decl":{"start":{"line":232,"column":23},"end":{"line":232,"column":29}},"loc":{"start":{"line":232,"column":29},"end":{"line":232,"column":null}}},"17":{"name":"(anonymous_24)","decl":{"start":{"line":248,"column":23},"end":{"line":248,"column":29}},"loc":{"start":{"line":248,"column":29},"end":{"line":248,"column":null}}},"18":{"name":"(anonymous_25)","decl":{"start":{"line":264,"column":23},"end":{"line":264,"column":29}},"loc":{"start":{"line":264,"column":29},"end":{"line":264,"column":null}}},"19":{"name":"(anonymous_26)","decl":{"start":{"line":287,"column":25},"end":{"line":287,"column":null}},"loc":{"start":{"line":287,"column":25},"end":{"line":294,"column":null}}},"20":{"name":"(anonymous_27)","decl":{"start":{"line":290,"column":38},"end":{"line":290,"column":39}},"loc":{"start":{"line":290,"column":57},"end":{"line":290,"column":null}}},"21":{"name":"(anonymous_28)","decl":{"start":{"line":293,"column":23},"end":{"line":293,"column":24}},"loc":{"start":{"line":293,"column":42},"end":{"line":293,"column":null}}},"22":{"name":"(anonymous_29)","decl":{"start":{"line":297,"column":24},"end":{"line":297,"column":25}},"loc":{"start":{"line":297,"column":45},"end":{"line":340,"column":null}}},"23":{"name":"(anonymous_30)","decl":{"start":{"line":308,"column":31},"end":{"line":308,"column":37}},"loc":{"start":{"line":308,"column":37},"end":{"line":308,"column":62}}},"24":{"name":"(anonymous_31)","decl":{"start":{"line":309,"column":33},"end":{"line":309,"column":34}},"loc":{"start":{"line":309,"column":40},"end":{"line":309,"column":70}}}},"branchMap":{"0":{"loc":{"start":{"line":24,"column":2},"end":{"line":24,"column":17}},"type":"default-arg","locations":[{"start":{"line":24,"column":12},"end":{"line":24,"column":17}}]},"1":{"loc":{"start":{"line":25,"column":2},"end":{"line":25,"column":14}},"type":"default-arg","locations":[{"start":{"line":25,"column":10},"end":{"line":25,"column":14}}]},"2":{"loc":{"start":{"line":26,"column":2},"end":{"line":26,"column":72}},"type":"default-arg","locations":[{"start":{"line":26,"column":17},"end":{"line":26,"column":72}}]},"3":{"loc":{"start":{"line":31,"column":2},"end":{"line":31,"column":26}},"type":"default-arg","locations":[{"start":{"line":31,"column":21},"end":{"line":31,"column":26}}]},"4":{"loc":{"start":{"line":33,"column":80},"end":{"line":33,"column":null}},"type":"binary-expr","locations":[{"start":{"line":33,"column":80},"end":{"line":33,"column":94}},{"start":{"line":33,"column":94},"end":{"line":33,"column":null}}]},"5":{"loc":{"start":{"line":59,"column":4},"end":{"line":59,"column":null}},"type":"if","locations":[{"start":{"line":59,"column":4},"end":{"line":59,"column":null}}]},"6":{"loc":{"start":{"line":60,"column":4},"end":{"line":60,"column":null}},"type":"if","locations":[{"start":{"line":60,"column":4},"end":{"line":60,"column":null}}]},"7":{"loc":{"start":{"line":61,"column":4},"end":{"line":61,"column":null}},"type":"if","locations":[{"start":{"line":61,"column":4},"end":{"line":61,"column":null}}]},"8":{"loc":{"start":{"line":62,"column":4},"end":{"line":62,"column":null}},"type":"if","locations":[{"start":{"line":62,"column":4},"end":{"line":62,"column":null}}]},"9":{"loc":{"start":{"line":72,"column":4},"end":{"line":78,"column":null}},"type":"if","locations":[{"start":{"line":72,"column":4},"end":{"line":78,"column":null}},{"start":{"line":74,"column":11},"end":{"line":78,"column":null}}]},"10":{"loc":{"start":{"line":74,"column":11},"end":{"line":78,"column":null}},"type":"if","locations":[{"start":{"line":74,"column":11},"end":{"line":78,"column":null}},{"start":{"line":76,"column":11},"end":{"line":78,"column":null}}]},"11":{"loc":{"start":{"line":80,"column":46},"end":{"line":80,"column":69}},"type":"cond-expr","locations":[{"start":{"line":80,"column":60},"end":{"line":80,"column":66}},{"start":{"line":80,"column":66},"end":{"line":80,"column":69}}]},"12":{"loc":{"start":{"line":81,"column":22},"end":{"line":81,"column":null}},"type":"cond-expr","locations":[{"start":{"line":81,"column":35},"end":{"line":81,"column":54}},{"start":{"line":81,"column":54},"end":{"line":81,"column":null}}]},"13":{"loc":{"start":{"line":81,"column":54},"end":{"line":81,"column":null}},"type":"cond-expr","locations":[{"start":{"line":81,"column":67},"end":{"line":81,"column":84}},{"start":{"line":81,"column":84},"end":{"line":81,"column":null}}]},"14":{"loc":{"start":{"line":88,"column":4},"end":{"line":88,"column":null}},"type":"if","locations":[{"start":{"line":88,"column":4},"end":{"line":88,"column":null}}]},"15":{"loc":{"start":{"line":91,"column":6},"end":{"line":93,"column":null}},"type":"cond-expr","locations":[{"start":{"line":92,"column":10},"end":{"line":92,"column":null}},{"start":{"line":93,"column":10},"end":{"line":93,"column":null}}]},"16":{"loc":{"start":{"line":91,"column":6},"end":{"line":91,"column":null}},"type":"binary-expr","locations":[{"start":{"line":91,"column":6},"end":{"line":91,"column":46}},{"start":{"line":91,"column":46},"end":{"line":91,"column":null}}]},"17":{"loc":{"start":{"line":102,"column":4},"end":{"line":104,"column":null}},"type":"if","locations":[{"start":{"line":102,"column":4},"end":{"line":104,"column":null}}]},"18":{"loc":{"start":{"line":109,"column":4},"end":{"line":112,"column":null}},"type":"if","locations":[{"start":{"line":109,"column":4},"end":{"line":112,"column":null}}]},"19":{"loc":{"start":{"line":109,"column":8},"end":{"line":109,"column":52}},"type":"binary-expr","locations":[{"start":{"line":109,"column":8},"end":{"line":109,"column":33}},{"start":{"line":109,"column":33},"end":{"line":109,"column":52}}]},"20":{"loc":{"start":{"line":117,"column":4},"end":{"line":117,"column":null}},"type":"if","locations":[{"start":{"line":117,"column":4},"end":{"line":117,"column":null}}]},"21":{"loc":{"start":{"line":120,"column":6},"end":{"line":122,"column":7}},"type":"cond-expr","locations":[{"start":{"line":120,"column":6},"end":{"line":122,"column":7}}]},"22":{"loc":{"start":{"line":128,"column":4},"end":{"line":128,"column":null}},"type":"if","locations":[{"start":{"line":128,"column":4},"end":{"line":128,"column":null}}]},"23":{"loc":{"start":{"line":129,"column":11},"end":{"line":129,"column":null}},"type":"cond-expr","locations":[{"start":{"line":129,"column":51},"end":{"line":129,"column":65}},{"start":{"line":129,"column":65},"end":{"line":129,"column":null}}]},"24":{"loc":{"start":{"line":155,"column":9},"end":{"line":155,"column":null}},"type":"binary-expr","locations":[{"start":{"line":155,"column":9},"end":{"line":155,"column":null}}]},"25":{"loc":{"start":{"line":171,"column":12},"end":{"line":173,"column":null}},"type":"cond-expr","locations":[{"start":{"line":171,"column":27},"end":{"line":171,"column":null}},{"start":{"line":172,"column":12},"end":{"line":173,"column":null}}]},"26":{"loc":{"start":{"line":172,"column":12},"end":{"line":173,"column":null}},"type":"cond-expr","locations":[{"start":{"line":172,"column":27},"end":{"line":172,"column":null}},{"start":{"line":173,"column":12},"end":{"line":173,"column":null}}]},"27":{"loc":{"start":{"line":194,"column":12},"end":{"line":205,"column":13}},"type":"cond-expr","locations":[{"start":{"line":194,"column":12},"end":{"line":205,"column":13}}]},"28":{"loc":{"start":{"line":208,"column":9},"end":{"line":208,"column":null}},"type":"binary-expr","locations":[{"start":{"line":208,"column":9},"end":{"line":208,"column":null}}]},"29":{"loc":{"start":{"line":211,"column":14},"end":{"line":222,"column":15}},"type":"cond-expr","locations":[{"start":{"line":211,"column":14},"end":{"line":222,"column":15}}]},"30":{"loc":{"start":{"line":231,"column":12},"end":{"line":242,"column":13}},"type":"cond-expr","locations":[{"start":{"line":231,"column":12},"end":{"line":242,"column":13}}]},"31":{"loc":{"start":{"line":247,"column":12},"end":{"line":258,"column":13}},"type":"cond-expr","locations":[{"start":{"line":247,"column":12},"end":{"line":258,"column":13}}]},"32":{"loc":{"start":{"line":263,"column":12},"end":{"line":274,"column":13}},"type":"cond-expr","locations":[{"start":{"line":263,"column":12},"end":{"line":274,"column":13}}]},"33":{"loc":{"start":{"line":277,"column":9},"end":{"line":277,"column":null}},"type":"binary-expr","locations":[{"start":{"line":277,"column":9},"end":{"line":277,"column":null}}]},"34":{"loc":{"start":{"line":288,"column":4},"end":{"line":291,"column":null}},"type":"if","locations":[{"start":{"line":288,"column":4},"end":{"line":291,"column":null}}]},"35":{"loc":{"start":{"line":288,"column":8},"end":{"line":288,"column":50}},"type":"binary-expr","locations":[{"start":{"line":288,"column":8},"end":{"line":288,"column":28}},{"start":{"line":288,"column":28},"end":{"line":288,"column":50}}]},"36":{"loc":{"start":{"line":306,"column":12},"end":{"line":306,"column":48}},"type":"cond-expr","locations":[{"start":{"line":306,"column":26},"end":{"line":306,"column":45}},{"start":{"line":306,"column":45},"end":{"line":306,"column":48}}]},"37":{"loc":{"start":{"line":308,"column":17},"end":{"line":308,"column":null}},"type":"cond-expr","locations":[{"start":{"line":308,"column":31},"end":{"line":308,"column":62}},{"start":{"line":308,"column":62},"end":{"line":308,"column":null}}]},"38":{"loc":{"start":{"line":309,"column":19},"end":{"line":309,"column":null}},"type":"cond-expr","locations":[{"start":{"line":309,"column":33},"end":{"line":309,"column":70}},{"start":{"line":309,"column":70},"end":{"line":309,"column":null}}]},"39":{"loc":{"start":{"line":310,"column":18},"end":{"line":310,"column":null}},"type":"cond-expr","locations":[{"start":{"line":310,"column":32},"end":{"line":310,"column":36}},{"start":{"line":310,"column":36},"end":{"line":310,"column":null}}]},"40":{"loc":{"start":{"line":311,"column":20},"end":{"line":311,"column":null}},"type":"cond-expr","locations":[{"start":{"line":311,"column":34},"end":{"line":311,"column":69}},{"start":{"line":311,"column":72},"end":{"line":311,"column":null}}]},"41":{"loc":{"start":{"line":316,"column":9},"end":{"line":316,"column":null}},"type":"binary-expr","locations":[{"start":{"line":316,"column":9},"end":{"line":316,"column":null}}]},"42":{"loc":{"start":{"line":333,"column":9},"end":{"line":333,"column":null}},"type":"binary-expr","locations":[{"start":{"line":333,"column":9},"end":{"line":333,"column":null}}]},"43":{"loc":{"start":{"line":335,"column":26},"end":{"line":335,"column":null}},"type":"binary-expr","locations":[{"start":{"line":335,"column":26},"end":{"line":335,"column":39}},{"start":{"line":335,"column":43},"end":{"line":335,"column":null}}]},"44":{"loc":{"start":{"line":343,"column":2},"end":{"line":364,"column":null}},"type":"if","locations":[{"start":{"line":343,"column":2},"end":{"line":364,"column":null}}]},"45":{"loc":{"start":{"line":351,"column":13},"end":{"line":351,"column":null}},"type":"binary-expr","locations":[{"start":{"line":351,"column":13},"end":{"line":351,"column":null}}]},"46":{"loc":{"start":{"line":367,"column":2},"end":{"line":377,"column":null}},"type":"if","locations":[{"start":{"line":367,"column":2},"end":{"line":377,"column":null}}]},"47":{"loc":{"start":{"line":367,"column":6},"end":{"line":367,"column":40}},"type":"binary-expr","locations":[{"start":{"line":367,"column":6},"end":{"line":367,"column":18}},{"start":{"line":367,"column":18},"end":{"line":367,"column":40}}]},"48":{"loc":{"start":{"line":382,"column":7},"end":{"line":382,"column":null}},"type":"binary-expr","locations":[{"start":{"line":382,"column":7},"end":{"line":382,"column":null}}]},"49":{"loc":{"start":{"line":392,"column":25},"end":{"line":392,"column":108}},"type":"cond-expr","locations":[{"start":{"line":392,"column":85},"end":{"line":392,"column":105}},{"start":{"line":392,"column":105},"end":{"line":392,"column":108}}]},"50":{"loc":{"start":{"line":392,"column":25},"end":{"line":392,"column":85}},"type":"binary-expr","locations":[{"start":{"line":392,"column":25},"end":{"line":392,"column":58}},{"start":{"line":392,"column":58},"end":{"line":392,"column":85}}]},"51":{"loc":{"start":{"line":396,"column":13},"end":{"line":396,"column":null}},"type":"cond-expr","locations":[{"start":{"line":396,"column":23},"end":{"line":396,"column":46}},{"start":{"line":396,"column":46},"end":{"line":396,"column":null}}]},"52":{"loc":{"start":{"line":402,"column":7},"end":{"line":402,"column":19}},"type":"binary-expr","locations":[{"start":{"line":402,"column":7},"end":{"line":402,"column":19}},{"start":{"line":402,"column":19},"end":{"line":402,"column":null}}]},"53":{"loc":{"start":{"line":406,"column":46},"end":{"line":406,"column":null}},"type":"cond-expr","locations":[{"start":{"line":406,"column":69},"end":{"line":406,"column":75}},{"start":{"line":406,"column":75},"end":{"line":406,"column":null}}]}},"s":{"0":31,"1":1,"2":1,"3":38,"4":38,"5":38,"6":31,"7":31,"8":31,"9":31,"10":31,"11":31,"12":38,"13":2320,"14":38,"15":1152,"16":1,"17":1151,"18":0,"19":1151,"20":1151,"21":0,"22":0,"23":0,"24":38,"25":1160,"26":1105,"27":55,"28":54,"29":1,"30":1160,"31":1160,"32":1160,"33":38,"34":3,"35":0,"36":3,"37":3,"38":3,"39":3,"40":38,"41":3,"42":3,"43":38,"44":1,"45":1,"46":1,"47":38,"48":60,"49":53,"50":38,"51":60,"52":53,"53":7,"54":38,"55":2,"56":10,"57":1,"58":0,"59":0,"60":2,"61":0,"62":38,"63":31,"64":1,"65":50,"66":30,"67":1110,"68":38,"69":1160,"70":1160,"71":1160,"72":2,"73":1,"74":38,"75":35},"f":{"0":38,"1":31,"2":31,"3":31,"4":2320,"5":1152,"6":1160,"7":3,"8":3,"9":1,"10":60,"11":60,"12":2,"13":10,"14":1,"15":0,"16":0,"17":2,"18":0,"19":31,"20":50,"21":1110,"22":1160,"23":2,"24":1},"b":{"0":[36],"1":[35],"2":[37],"3":[37],"4":[38,36],"5":[1],"6":[0],"7":[1151],"8":[0],"9":[1105,55],"10":[54,1],"11":[1106,54],"12":[1105,55],"13":[54,1],"14":[0],"15":[1,2],"16":[3,1],"17":[3],"18":[1],"19":[1,0],"20":[53],"21":[5],"22":[53],"23":[5,2],"24":[10],"25":[1106,54],"26":[54,0],"27":[12],"28":[33],"29":[12],"30":[12],"31":[12],"32":[12],"33":[33],"34":[1],"35":[31,1],"36":[12,1148],"37":[12,1148],"38":[12,1148],"39":[12,1148],"40":[12,1148],"41":[1160],"42":[1160],"43":[1152,1],"44":[3],"45":[3],"46":[2],"47":[35,33],"48":[33],"49":[2,31],"50":[33,33],"51":[2,31],"52":[33,31],"53":[29,2]}}
,"/Users/tmkipper/repos/candlestick-screener/app/components/StockScanner.tsx": {"path":"/Users/tmkipper/repos/candlestick-screener/app/components/StockScanner.tsx","statementMap":{"0":{"start":{"line":33,"column":16},"end":{"line":33,"column":29}},"1":{"start":{"line":3,"column":43},"end":{"line":3,"column":null}},"2":{"start":{"line":4,"column":32},"end":{"line":4,"column":null}},"3":{"start":{"line":15,"column":7},"end":{"line":15,"column":null}},"4":{"start":{"line":34,"column":34},"end":{"line":41,"column":null}},"5":{"start":{"line":43,"column":56},"end":{"line":43,"column":null}},"6":{"start":{"line":44,"column":52},"end":{"line":44,"column":null}},"7":{"start":{"line":45,"column":38},"end":{"line":45,"column":null}},"8":{"start":{"line":46,"column":38},"end":{"line":46,"column":null}},"9":{"start":{"line":47,"column":34},"end":{"line":47,"column":null}},"10":{"start":{"line":50,"column":34},"end":{"line":54,"column":null}},"11":{"start":{"line":57,"column":2},"end":{"line":65,"column":null}},"12":{"start":{"line":58,"column":24},"end":{"line":60,"column":null}},"13":{"start":{"line":59,"column":6},"end":{"line":59,"column":null}},"14":{"start":{"line":62,"column":4},"end":{"line":62,"column":null}},"15":{"start":{"line":63,"column":4},"end":{"line":63,"column":null}},"16":{"start":{"line":64,"column":4},"end":{"line":64,"column":null}},"17":{"start":{"line":64,"column":17},"end":{"line":64,"column":null}},"18":{"start":{"line":68,"column":2},"end":{"line":83,"column":null}},"19":{"start":{"line":69,"column":26},"end":{"line":79,"column":null}},"20":{"start":{"line":70,"column":6},"end":{"line":73,"column":null}},"21":{"start":{"line":71,"column":8},"end":{"line":71,"column":null}},"22":{"start":{"line":72,"column":8},"end":{"line":72,"column":null}},"23":{"start":{"line":75,"column":6},"end":{"line":78,"column":null}},"24":{"start":{"line":76,"column":8},"end":{"line":76,"column":null}},"25":{"start":{"line":77,"column":8},"end":{"line":77,"column":null}},"26":{"start":{"line":81,"column":4},"end":{"line":81,"column":null}},"27":{"start":{"line":82,"column":4},"end":{"line":82,"column":null}},"28":{"start":{"line":82,"column":17},"end":{"line":82,"column":null}},"29":{"start":{"line":85,"column":23},"end":{"line":109,"column":null}},"30":{"start":{"line":86,"column":31},"end":{"line":86,"column":null}},"31":{"start":{"line":88,"column":4},"end":{"line":90,"column":null}},"32":{"start":{"line":89,"column":6},"end":{"line":89,"column":null}},"33":{"start":{"line":92,"column":4},"end":{"line":94,"column":null}},"34":{"start":{"line":93,"column":6},"end":{"line":93,"column":null}},"35":{"start":{"line":96,"column":4},"end":{"line":98,"column":null}},"36":{"start":{"line":97,"column":6},"end":{"line":97,"column":null}},"37":{"start":{"line":100,"column":4},"end":{"line":106,"column":null}},"38":{"start":{"line":105,"column":6},"end":{"line":105,"column":null}},"39":{"start":{"line":108,"column":4},"end":{"line":108,"column":null}},"40":{"start":{"line":111,"column":21},"end":{"line":129,"column":null}},"41":{"start":{"line":112,"column":4},"end":{"line":112,"column":null}},"42":{"start":{"line":112,"column":46},"end":{"line":112,"column":null}},"43":{"start":{"line":114,"column":19},"end":{"line":114,"column":null}},"44":{"start":{"line":115,"column":4},"end":{"line":115,"column":null}},"45":{"start":{"line":117,"column":4},"end":{"line":117,"column":null}},"46":{"start":{"line":117,"column":40},"end":{"line":117,"column":null}},"47":{"start":{"line":119,"column":37},"end":{"line":125,"column":null}},"48":{"start":{"line":127,"column":4},"end":{"line":127,"column":null}},"49":{"start":{"line":128,"column":4},"end":{"line":128,"column":null}},"50":{"start":{"line":131,"column":22},"end":{"line":143,"column":null}},"51":{"start":{"line":132,"column":4},"end":{"line":139,"column":null}},"52":{"start":{"line":140,"column":4},"end":{"line":140,"column":null}},"53":{"start":{"line":141,"column":4},"end":{"line":141,"column":null}},"54":{"start":{"line":142,"column":4},"end":{"line":142,"column":null}},"55":{"start":{"line":145,"column":30},"end":{"line":152,"column":null}},"56":{"start":{"line":146,"column":4},"end":{"line":146,"column":null}},"57":{"start":{"line":146,"column":25},"end":{"line":146,"column":null}},"58":{"start":{"line":147,"column":4},"end":{"line":151,"column":null}},"59":{"start":{"line":148,"column":24},"end":{"line":148,"column":null}},"60":{"start":{"line":149,"column":6},"end":{"line":149,"column":null}},"61":{"start":{"line":150,"column":6},"end":{"line":150,"column":null}},"62":{"start":{"line":154,"column":28},"end":{"line":174,"column":null}},"63":{"start":{"line":155,"column":4},"end":{"line":155,"column":null}},"64":{"start":{"line":155,"column":25},"end":{"line":155,"column":null}},"65":{"start":{"line":158,"column":4},"end":{"line":164,"column":null}},"66":{"start":{"line":159,"column":6},"end":{"line":163,"column":null}},"67":{"start":{"line":160,"column":26},"end":{"line":160,"column":null}},"68":{"start":{"line":161,"column":8},"end":{"line":161,"column":null}},"69":{"start":{"line":162,"column":8},"end":{"line":162,"column":null}},"70":{"start":{"line":165,"column":4},"end":{"line":173,"column":null}},"71":{"start":{"line":166,"column":6},"end":{"line":172,"column":null}},"72":{"start":{"line":167,"column":26},"end":{"line":167,"column":null}},"73":{"start":{"line":168,"column":8},"end":{"line":168,"column":null}},"74":{"start":{"line":169,"column":8},"end":{"line":169,"column":null}},"75":{"start":{"line":170,"column":8},"end":{"line":170,"column":null}},"76":{"start":{"line":171,"column":8},"end":{"line":171,"column":null}},"77":{"start":{"line":176,"column":28},"end":{"line":179,"column":null}},"78":{"start":{"line":177,"column":21},"end":{"line":177,"column":null}},"79":{"start":{"line":178,"column":4},"end":{"line":178,"column":null}},"80":{"start":{"line":181,"column":22},"end":{"line":181,"column":null}},"81":{"start":{"line":207,"column":10},"end":{"line":207,"column":null}},"82":{"start":{"line":208,"column":10},"end":{"line":208,"column":null}},"83":{"start":{"line":231,"column":29},"end":{"line":231,"column":null}},"84":{"start":{"line":248,"column":27},"end":{"line":248,"column":null}},"85":{"start":{"line":273,"column":33},"end":{"line":273,"column":null}},"86":{"start":{"line":274,"column":30},"end":{"line":274,"column":null}},"87":{"start":{"line":295,"column":33},"end":{"line":295,"column":null}},"88":{"start":{"line":296,"column":30},"end":{"line":296,"column":null}},"89":{"start":{"line":317,"column":33},"end":{"line":317,"column":null}},"90":{"start":{"line":318,"column":30},"end":{"line":318,"column":null}},"91":{"start":{"line":340,"column":25},"end":{"line":340,"column":null}},"92":{"start":{"line":363,"column":33},"end":{"line":363,"column":null}}},"fnMap":{"0":{"name":"StockScanner","decl":{"start":{"line":33,"column":16},"end":{"line":33,"column":29}},"loc":{"start":{"line":33,"column":89},"end":{"line":426,"column":null}}},"1":{"name":"(anonymous_5)","decl":{"start":{"line":57,"column":12},"end":{"line":57,"column":null}},"loc":{"start":{"line":57,"column":12},"end":{"line":65,"column":5}}},"2":{"name":"(anonymous_6)","decl":{"start":{"line":58,"column":24},"end":{"line":58,"column":null}},"loc":{"start":{"line":58,"column":24},"end":{"line":60,"column":null}}},"3":{"name":"(anonymous_7)","decl":{"start":{"line":64,"column":11},"end":{"line":64,"column":17}},"loc":{"start":{"line":64,"column":17},"end":{"line":64,"column":null}}},"4":{"name":"(anonymous_8)","decl":{"start":{"line":68,"column":12},"end":{"line":68,"column":null}},"loc":{"start":{"line":68,"column":12},"end":{"line":83,"column":5}}},"5":{"name":"(anonymous_9)","decl":{"start":{"line":69,"column":26},"end":{"line":69,"column":27}},"loc":{"start":{"line":69,"column":27},"end":{"line":79,"column":null}}},"6":{"name":"(anonymous_10)","decl":{"start":{"line":82,"column":11},"end":{"line":82,"column":17}},"loc":{"start":{"line":82,"column":17},"end":{"line":82,"column":null}}},"7":{"name":"(anonymous_11)","decl":{"start":{"line":85,"column":23},"end":{"line":85,"column":null}},"loc":{"start":{"line":85,"column":23},"end":{"line":109,"column":null}}},"8":{"name":"(anonymous_12)","decl":{"start":{"line":111,"column":21},"end":{"line":111,"column":null}},"loc":{"start":{"line":111,"column":21},"end":{"line":129,"column":null}}},"9":{"name":"(anonymous_13)","decl":{"start":{"line":131,"column":22},"end":{"line":131,"column":null}},"loc":{"start":{"line":131,"column":22},"end":{"line":143,"column":null}}},"10":{"name":"(anonymous_14)","decl":{"start":{"line":145,"column":30},"end":{"line":145,"column":31}},"loc":{"start":{"line":145,"column":31},"end":{"line":152,"column":null}}},"11":{"name":"(anonymous_15)","decl":{"start":{"line":146,"column":16},"end":{"line":146,"column":25}},"loc":{"start":{"line":146,"column":25},"end":{"line":146,"column":null}}},"12":{"name":"(anonymous_16)","decl":{"start":{"line":147,"column":18},"end":{"line":147,"column":null}},"loc":{"start":{"line":147,"column":18},"end":{"line":151,"column":null}}},"13":{"name":"(anonymous_17)","decl":{"start":{"line":154,"column":28},"end":{"line":154,"column":29}},"loc":{"start":{"line":154,"column":52},"end":{"line":174,"column":null}}},"14":{"name":"(anonymous_18)","decl":{"start":{"line":155,"column":16},"end":{"line":155,"column":25}},"loc":{"start":{"line":155,"column":25},"end":{"line":155,"column":null}}},"15":{"name":"(anonymous_19)","decl":{"start":{"line":159,"column":20},"end":{"line":159,"column":null}},"loc":{"start":{"line":159,"column":20},"end":{"line":163,"column":null}}},"16":{"name":"(anonymous_20)","decl":{"start":{"line":166,"column":20},"end":{"line":166,"column":null}},"loc":{"start":{"line":166,"column":20},"end":{"line":172,"column":null}}},"17":{"name":"(anonymous_21)","decl":{"start":{"line":176,"column":28},"end":{"line":176,"column":29}},"loc":{"start":{"line":176,"column":52},"end":{"line":179,"column":null}}},"18":{"name":"(anonymous_22)","decl":{"start":{"line":206,"column":18},"end":{"line":206,"column":19}},"loc":{"start":{"line":206,"column":19},"end":{"line":209,"column":null}}},"19":{"name":"(anonymous_23)","decl":{"start":{"line":231,"column":22},"end":{"line":231,"column":23}},"loc":{"start":{"line":231,"column":29},"end":{"line":231,"column":null}}},"20":{"name":"(anonymous_24)","decl":{"start":{"line":248,"column":21},"end":{"line":248,"column":27}},"loc":{"start":{"line":248,"column":27},"end":{"line":248,"column":null}}},"21":{"name":"(anonymous_25)","decl":{"start":{"line":273,"column":26},"end":{"line":273,"column":27}},"loc":{"start":{"line":273,"column":33},"end":{"line":273,"column":null}}},"22":{"name":"(anonymous_26)","decl":{"start":{"line":274,"column":24},"end":{"line":274,"column":30}},"loc":{"start":{"line":274,"column":30},"end":{"line":274,"column":null}}},"23":{"name":"(anonymous_27)","decl":{"start":{"line":295,"column":26},"end":{"line":295,"column":27}},"loc":{"start":{"line":295,"column":33},"end":{"line":295,"column":null}}},"24":{"name":"(anonymous_28)","decl":{"start":{"line":296,"column":24},"end":{"line":296,"column":30}},"loc":{"start":{"line":296,"column":30},"end":{"line":296,"column":null}}},"25":{"name":"(anonymous_29)","decl":{"start":{"line":317,"column":26},"end":{"line":317,"column":27}},"loc":{"start":{"line":317,"column":33},"end":{"line":317,"column":null}}},"26":{"name":"(anonymous_30)","decl":{"start":{"line":318,"column":24},"end":{"line":318,"column":30}},"loc":{"start":{"line":318,"column":30},"end":{"line":318,"column":null}}},"27":{"name":"(anonymous_31)","decl":{"start":{"line":340,"column":19},"end":{"line":340,"column":25}},"loc":{"start":{"line":340,"column":25},"end":{"line":340,"column":null}}},"28":{"name":"(anonymous_32)","decl":{"start":{"line":363,"column":26},"end":{"line":363,"column":27}},"loc":{"start":{"line":363,"column":33},"end":{"line":363,"column":null}}}},"branchMap":{"0":{"loc":{"start":{"line":33,"column":39},"end":{"line":33,"column":54}},"type":"default-arg","locations":[{"start":{"line":33,"column":49},"end":{"line":33,"column":54}}]},"1":{"loc":{"start":{"line":33,"column":56},"end":{"line":33,"column":68}},"type":"default-arg","locations":[{"start":{"line":33,"column":64},"end":{"line":33,"column":68}}]},"2":{"loc":{"start":{"line":70,"column":6},"end":{"line":73,"column":null}},"type":"if","locations":[{"start":{"line":70,"column":6},"end":{"line":73,"column":null}}]},"3":{"loc":{"start":{"line":70,"column":10},"end":{"line":70,"column":73}},"type":"binary-expr","locations":[{"start":{"line":70,"column":10},"end":{"line":70,"column":35}},{"start":{"line":70,"column":35},"end":{"line":70,"column":59}},{"start":{"line":70,"column":63},"end":{"line":70,"column":73}}]},"4":{"loc":{"start":{"line":75,"column":6},"end":{"line":78,"column":null}},"type":"if","locations":[{"start":{"line":75,"column":6},"end":{"line":78,"column":null}}]},"5":{"loc":{"start":{"line":75,"column":10},"end":{"line":75,"column":46}},"type":"binary-expr","locations":[{"start":{"line":75,"column":10},"end":{"line":75,"column":23}},{"start":{"line":75,"column":27},"end":{"line":75,"column":46}}]},"6":{"loc":{"start":{"line":88,"column":4},"end":{"line":90,"column":null}},"type":"if","locations":[{"start":{"line":88,"column":4},"end":{"line":90,"column":null}}]},"7":{"loc":{"start":{"line":88,"column":8},"end":{"line":88,"column":63}},"type":"binary-expr","locations":[{"start":{"line":88,"column":8},"end":{"line":88,"column":39}},{"start":{"line":88,"column":39},"end":{"line":88,"column":63}}]},"8":{"loc":{"start":{"line":92,"column":4},"end":{"line":94,"column":null}},"type":"if","locations":[{"start":{"line":92,"column":4},"end":{"line":94,"column":null}}]},"9":{"loc":{"start":{"line":92,"column":8},"end":{"line":92,"column":61}},"type":"binary-expr","locations":[{"start":{"line":92,"column":8},"end":{"line":92,"column":38}},{"start":{"line":92,"column":38},"end":{"line":92,"column":61}}]},"10":{"loc":{"start":{"line":96,"column":4},"end":{"line":98,"column":null}},"type":"if","locations":[{"start":{"line":96,"column":4},"end":{"line":98,"column":null}}]},"11":{"loc":{"start":{"line":96,"column":8},"end":{"line":96,"column":61}},"type":"binary-expr","locations":[{"start":{"line":96,"column":8},"end":{"line":96,"column":38}},{"start":{"line":96,"column":38},"end":{"line":96,"column":61}}]},"12":{"loc":{"start":{"line":100,"column":4},"end":{"line":106,"column":null}},"type":"if","locations":[{"start":{"line":100,"column":4},"end":{"line":106,"column":null}}]},"13":{"loc":{"start":{"line":101,"column":6},"end":{"line":103,"column":44}},"type":"binary-expr","locations":[{"start":{"line":101,"column":6},"end":{"line":101,"column":null}},{"start":{"line":102,"column":6},"end":{"line":102,"column":null}},{"start":{"line":103,"column":6},"end":{"line":103,"column":44}}]},"14":{"loc":{"start":{"line":112,"column":4},"end":{"line":112,"column":null}},"type":"if","locations":[{"start":{"line":112,"column":4},"end":{"line":112,"column":null}}]},"15":{"loc":{"start":{"line":112,"column":8},"end":{"line":112,"column":46}},"type":"binary-expr","locations":[{"start":{"line":112,"column":8},"end":{"line":112,"column":33}},{"start":{"line":112,"column":37},"end":{"line":112,"column":46}}]},"16":{"loc":{"start":{"line":117,"column":4},"end":{"line":117,"column":null}},"type":"if","locations":[{"start":{"line":117,"column":4},"end":{"line":117,"column":null}}]},"17":{"loc":{"start":{"line":158,"column":4},"end":{"line":164,"column":null}},"type":"if","locations":[{"start":{"line":158,"column":4},"end":{"line":164,"column":null}}]},"18":{"loc":{"start":{"line":165,"column":4},"end":{"line":173,"column":null}},"type":"if","locations":[{"start":{"line":165,"column":4},"end":{"line":173,"column":null}}]},"19":{"loc":{"start":{"line":165,"column":8},"end":{"line":165,"column":54}},"type":"binary-expr","locations":[{"start":{"line":165,"column":8},"end":{"line":165,"column":32}},{"start":{"line":165,"column":32},"end":{"line":165,"column":54}}]},"20":{"loc":{"start":{"line":177,"column":21},"end":{"line":177,"column":null}},"type":"cond-expr","locations":[{"start":{"line":177,"column":36},"end":{"line":177,"column":43}},{"start":{"line":177,"column":43},"end":{"line":177,"column":null}}]},"21":{"loc":{"start":{"line":181,"column":22},"end":{"line":181,"column":null}},"type":"binary-expr","locations":[{"start":{"line":181,"column":22},"end":{"line":181,"column":59}},{"start":{"line":181,"column":59},"end":{"line":181,"column":null}}]},"22":{"loc":{"start":{"line":191,"column":9},"end":{"line":191,"column":null}},"type":"binary-expr","locations":[{"start":{"line":191,"column":9},"end":{"line":191,"column":null}}]},"23":{"loc":{"start":{"line":245,"column":9},"end":{"line":245,"column":null}},"type":"binary-expr","locations":[{"start":{"line":245,"column":9},"end":{"line":245,"column":null}}]},"24":{"loc":{"start":{"line":252,"column":35},"end":{"line":252,"column":80}},"type":"cond-expr","locations":[{"start":{"line":252,"column":35},"end":{"line":252,"column":80}}]},"25":{"loc":{"start":{"line":253,"column":15},"end":{"line":253,"column":51}},"type":"cond-expr","locations":[{"start":{"line":253,"column":35},"end":{"line":253,"column":44}},{"start":{"line":253,"column":44},"end":{"line":253,"column":51}}]},"26":{"loc":{"start":{"line":255,"column":33},"end":{"line":255,"column":74}},"type":"cond-expr","locations":[{"start":{"line":255,"column":33},"end":{"line":255,"column":74}}]},"27":{"loc":{"start":{"line":260,"column":37},"end":{"line":260,"column":84}},"type":"cond-expr","locations":[{"start":{"line":260,"column":70},"end":{"line":260,"column":81}},{"start":{"line":260,"column":81},"end":{"line":260,"column":84}}]},"28":{"loc":{"start":{"line":260,"column":37},"end":{"line":260,"column":70}},"type":"binary-expr","locations":[{"start":{"line":260,"column":37},"end":{"line":260,"column":49}},{"start":{"line":260,"column":49},"end":{"line":260,"column":70}}]},"29":{"loc":{"start":{"line":272,"column":23},"end":{"line":272,"column":null}},"type":"binary-expr","locations":[{"start":{"line":272,"column":23},"end":{"line":272,"column":57}},{"start":{"line":272,"column":57},"end":{"line":272,"column":null}}]},"30":{"loc":{"start":{"line":279,"column":15},"end":{"line":279,"column":32}},"type":"binary-expr","locations":[{"start":{"line":279,"column":15},"end":{"line":279,"column":32}}]},"31":{"loc":{"start":{"line":294,"column":23},"end":{"line":294,"column":null}},"type":"binary-expr","locations":[{"start":{"line":294,"column":23},"end":{"line":294,"column":56}},{"start":{"line":294,"column":56},"end":{"line":294,"column":null}}]},"32":{"loc":{"start":{"line":301,"column":15},"end":{"line":301,"column":34}},"type":"binary-expr","locations":[{"start":{"line":301,"column":15},"end":{"line":301,"column":34}}]},"33":{"loc":{"start":{"line":316,"column":23},"end":{"line":316,"column":null}},"type":"binary-expr","locations":[{"start":{"line":316,"column":23},"end":{"line":316,"column":56}},{"start":{"line":316,"column":56},"end":{"line":316,"column":null}}]},"34":{"loc":{"start":{"line":323,"column":15},"end":{"line":323,"column":34}},"type":"binary-expr","locations":[{"start":{"line":323,"column":15},"end":{"line":323,"column":34}}]},"35":{"loc":{"start":{"line":330,"column":11},"end":{"line":330,"column":32}},"type":"binary-expr","locations":[{"start":{"line":330,"column":11},"end":{"line":330,"column":32}}]},"36":{"loc":{"start":{"line":347,"column":12},"end":{"line":349,"column":13}},"type":"cond-expr","locations":[{"start":{"line":347,"column":12},"end":{"line":349,"column":13}}]},"37":{"loc":{"start":{"line":354,"column":9},"end":{"line":354,"column":null}},"type":"binary-expr","locations":[{"start":{"line":354,"column":9},"end":{"line":354,"column":null}}]},"38":{"loc":{"start":{"line":377,"column":9},"end":{"line":377,"column":null}},"type":"binary-expr","locations":[{"start":{"line":377,"column":9},"end":{"line":377,"column":null}}]},"39":{"loc":{"start":{"line":393,"column":22},"end":{"line":393,"column":null}},"type":"binary-expr","locations":[{"start":{"line":393,"column":22},"end":{"line":393,"column":38}},{"start":{"line":393,"column":38},"end":{"line":393,"column":null}}]},"40":{"loc":{"start":{"line":396,"column":16},"end":{"line":398,"column":null}},"type":"cond-expr","locations":[{"start":{"line":397,"column":18},"end":{"line":397,"column":null}},{"start":{"line":398,"column":18},"end":{"line":398,"column":null}}]},"41":{"loc":{"start":{"line":396,"column":16},"end":{"line":396,"column":null}},"type":"binary-expr","locations":[{"start":{"line":396,"column":16},"end":{"line":396,"column":31}},{"start":{"line":396,"column":31},"end":{"line":396,"column":null}}]},"42":{"loc":{"start":{"line":401,"column":24},"end":{"line":401,"column":null}},"type":"cond-expr","locations":[{"start":{"line":401,"column":34},"end":{"line":401,"column":59}},{"start":{"line":401,"column":59},"end":{"line":401,"column":null}}]},"43":{"loc":{"start":{"line":404,"column":14},"end":{"line":409,"column":15}},"type":"cond-expr","locations":[{"start":{"line":404,"column":14},"end":{"line":409,"column":15}}]},"44":{"loc":{"start":{"line":418,"column":9},"end":{"line":418,"column":null}},"type":"binary-expr","locations":[{"start":{"line":418,"column":9},"end":{"line":418,"column":null}}]}},"s":{"0":24,"1":1,"2":1,"3":1,"4":87,"5":87,"6":87,"7":87,"8":87,"9":87,"10":87,"11":87,"12":24,"13":24,"14":24,"15":24,"16":24,"17":24,"18":87,"19":30,"20":37,"21":1,"22":1,"23":37,"24":1,"25":1,"26":30,"27":30,"28":30,"29":87,"30":9,"31":9,"32":1,"33":9,"34":0,"35":9,"36":0,"37":9,"38":1,"39":9,"40":87,"41":9,"42":6,"43":3,"44":3,"45":3,"46":0,"47":3,"48":3,"49":3,"50":87,"51":1,"52":1,"53":1,"54":1,"55":87,"56":6,"57":6,"58":6,"59":6,"60":6,"61":6,"62":87,"63":33,"64":33,"65":33,"66":21,"67":21,"68":21,"69":21,"70":33,"71":11,"72":11,"73":11,"74":11,"75":11,"76":11,"77":87,"78":32,"79":32,"80":87,"81":8,"82":8,"83":1,"84":0,"85":21,"86":2,"87":6,"88":3,"89":5,"90":1,"91":1,"92":0},"f":{"0":87,"1":24,"2":24,"3":24,"4":30,"5":37,"6":30,"7":9,"8":9,"9":1,"10":6,"11":6,"12":6,"13":33,"14":33,"15":21,"16":11,"17":32,"18":8,"19":1,"20":0,"21":21,"22":2,"23":6,"24":3,"25":5,"26":1,"27":1,"28":0},"b":{"0":[80],"1":[85],"2":[1],"3":[37,1,1],"4":[1],"5":[37,2],"6":[1],"7":[9,4],"8":[0],"9":[9,5],"10":[0],"11":[9,1],"12":[1],"13":[9,5,1],"14":[6],"15":[9,3],"16":[0],"17":[21],"18":[11],"19":[33,27],"20":[0,32],"21":[87,31],"22":[87],"23":[87],"24":[0],"25":[0,1],"26":[0],"27":[1,86],"28":[87,1],"29":[87,58],"30":[87],"31":[87,70],"32":[87],"33":[87,81],"34":[87],"35":[87],"36":[2],"37":[87],"38":[87],"39":[87,30],"40":[30,57],"41":[87,30],"42":[3,84],"43":[3],"44":[87]}}
,"/Users/tmkipper/repos/candlestick-screener/app/lib/api.ts": {"path":"/Users/tmkipper/repos/candlestick-screener/app/lib/api.ts","statementMap":{"0":{"start":{"line":104,"column":9},"end":{"line":104,"column":17}},"1":{"start":{"line":46,"column":22},"end":{"line":46,"column":35}},"2":{"start":{"line":86,"column":22},"end":{"line":86,"column":36}},"3":{"start":{"line":64,"column":22},"end":{"line":64,"column":32}},"4":{"start":{"line":12,"column":21},"end":{"line":12,"column":null}},"5":{"start":{"line":20,"column":4},"end":{"line":20,"column":null}},"6":{"start":{"line":17,"column":11},"end":{"line":17,"column":25}},"7":{"start":{"line":18,"column":11},"end":{"line":18,"column":25}},"8":{"start":{"line":21,"column":4},"end":{"line":21,"column":null}},"9":{"start":{"line":26,"column":19},"end":{"line":32,"column":null}},"10":{"start":{"line":34,"column":2},"end":{"line":41,"column":null}},"11":{"start":{"line":35,"column":22},"end":{"line":35,"column":null}},"12":{"start":{"line":35,"column":57},"end":{"line":35,"column":null}},"13":{"start":{"line":36,"column":4},"end":{"line":39,"column":null}},"14":{"start":{"line":43,"column":2},"end":{"line":43,"column":null}},"15":{"start":{"line":47,"column":2},"end":{"line":61,"column":null}},"16":{"start":{"line":48,"column":21},"end":{"line":48,"column":null}},"17":{"start":{"line":49,"column":48},"end":{"line":49,"column":null}},"18":{"start":{"line":51,"column":4},"end":{"line":53,"column":null}},"19":{"start":{"line":52,"column":6},"end":{"line":52,"column":null}},"20":{"start":{"line":55,"column":4},"end":{"line":55,"column":null}},"21":{"start":{"line":57,"column":4},"end":{"line":59,"column":null}},"22":{"start":{"line":58,"column":6},"end":{"line":58,"column":null}},"23":{"start":{"line":60,"column":4},"end":{"line":60,"column":null}},"24":{"start":{"line":65,"column":2},"end":{"line":83,"column":null}},"25":{"start":{"line":66,"column":21},"end":{"line":69,"column":null}},"26":{"start":{"line":71,"column":44},"end":{"line":71,"column":null}},"27":{"start":{"line":73,"column":4},"end":{"line":75,"column":null}},"28":{"start":{"line":74,"column":6},"end":{"line":74,"column":null}},"29":{"start":{"line":77,"column":4},"end":{"line":77,"column":null}},"30":{"start":{"line":79,"column":4},"end":{"line":81,"column":null}},"31":{"start":{"line":80,"column":6},"end":{"line":80,"column":null}},"32":{"start":{"line":82,"column":4},"end":{"line":82,"column":null}},"33":{"start":{"line":87,"column":2},"end":{"line":101,"column":null}},"34":{"start":{"line":88,"column":21},"end":{"line":88,"column":null}},"35":{"start":{"line":89,"column":35},"end":{"line":89,"column":null}},"36":{"start":{"line":91,"column":4},"end":{"line":93,"column":null}},"37":{"start":{"line":92,"column":6},"end":{"line":92,"column":null}},"38":{"start":{"line":95,"column":4},"end":{"line":95,"column":null}},"39":{"start":{"line":97,"column":4},"end":{"line":99,"column":null}},"40":{"start":{"line":98,"column":6},"end":{"line":98,"column":null}},"41":{"start":{"line":100,"column":4},"end":{"line":100,"column":null}}},"fnMap":{"0":{"name":"(anonymous_5)","decl":{"start":{"line":15,"column":2},"end":{"line":15,"column":null}},"loc":{"start":{"line":19,"column":4},"end":{"line":22,"column":null}}},"1":{"name":"fetchWithError","decl":{"start":{"line":25,"column":15},"end":{"line":25,"column":30}},"loc":{"start":{"line":25,"column":68},"end":{"line":44,"column":null}}},"2":{"name":"(anonymous_7)","decl":{"start":{"line":35,"column":50},"end":{"line":35,"column":57}},"loc":{"start":{"line":35,"column":57},"end":{"line":35,"column":null}}},"3":{"name":"fetchPatterns","decl":{"start":{"line":46,"column":22},"end":{"line":46,"column":35}},"loc":{"start":{"line":46,"column":22},"end":{"line":62,"column":null}}},"4":{"name":"scanStocks","decl":{"start":{"line":64,"column":22},"end":{"line":64,"column":32}},"loc":{"start":{"line":64,"column":53},"end":{"line":84,"column":null}}},"5":{"name":"fetchStockData","decl":{"start":{"line":86,"column":22},"end":{"line":86,"column":36}},"loc":{"start":{"line":86,"column":51},"end":{"line":102,"column":null}}}},"branchMap":{"0":{"loc":{"start":{"line":12,"column":21},"end":{"line":12,"column":null}},"type":"binary-expr","locations":[{"start":{"line":12,"column":21},"end":{"line":12,"column":52}},{"start":{"line":12,"column":56},"end":{"line":12,"column":null}}]},"1":{"loc":{"start":{"line":25,"column":43},"end":{"line":25,"column":68}},"type":"default-arg","locations":[{"start":{"line":25,"column":66},"end":{"line":25,"column":68}}]},"2":{"loc":{"start":{"line":34,"column":2},"end":{"line":41,"column":null}},"type":"if","locations":[{"start":{"line":34,"column":2},"end":{"line":41,"column":null}}]},"3":{"loc":{"start":{"line":37,"column":6},"end":{"line":37,"column":65}},"type":"binary-expr","locations":[{"start":{"line":37,"column":6},"end":{"line":37,"column":21}},{"start":{"line":37,"column":25},"end":{"line":37,"column":65}}]},"4":{"loc":{"start":{"line":51,"column":4},"end":{"line":53,"column":null}},"type":"if","locations":[{"start":{"line":51,"column":4},"end":{"line":53,"column":null}}]},"5":{"loc":{"start":{"line":52,"column":22},"end":{"line":52,"column":null}},"type":"binary-expr","locations":[{"start":{"line":52,"column":22},"end":{"line":52,"column":32}},{"start":{"line":52,"column":36},"end":{"line":52,"column":null}}]},"6":{"loc":{"start":{"line":57,"column":4},"end":{"line":59,"column":null}},"type":"if","locations":[{"start":{"line":57,"column":4},"end":{"line":59,"column":null}}]},"7":{"loc":{"start":{"line":73,"column":4},"end":{"line":75,"column":null}},"type":"if","locations":[{"start":{"line":73,"column":4},"end":{"line":75,"column":null}}]},"8":{"loc":{"start":{"line":74,"column":22},"end":{"line":74,"column":null}},"type":"binary-expr","locations":[{"start":{"line":74,"column":22},"end":{"line":74,"column":32}},{"start":{"line":74,"column":36},"end":{"line":74,"column":null}}]},"9":{"loc":{"start":{"line":79,"column":4},"end":{"line":81,"column":null}},"type":"if","locations":[{"start":{"line":79,"column":4},"end":{"line":81,"column":null}}]},"10":{"loc":{"start":{"line":91,"column":4},"end":{"line":93,"column":null}},"type":"if","locations":[{"start":{"line":91,"column":4},"end":{"line":93,"column":null}}]},"11":{"loc":{"start":{"line":92,"column":22},"end":{"line":92,"column":null}},"type":"binary-expr","locations":[{"start":{"line":92,"column":22},"end":{"line":92,"column":32}},{"start":{"line":92,"column":36},"end":{"line":92,"column":null}}]},"12":{"loc":{"start":{"line":97,"column":4},"end":{"line":99,"column":null}},"type":"if","locations":[{"start":{"line":97,"column":4},"end":{"line":99,"column":null}}]}},"s":{"0":0,"1":0,"2":0,"3":0,"4":0,"5":0,"6":0,"7":0,"8":0,"9":0,"10":0,"11":0,"12":0,"13":0,"14":0,"15":0,"16":0,"17":0,"18":0,"19":0,"20":0,"21":0,"22":0,"23":0,"24":0,"25":0,"26":0,"27":0,"28":0,"29":0,"30":0,"31":0,"32":0,"33":0,"34":0,"35":0,"36":0,"37":0,"38":0,"39":0,"40":0,"41":0},"f":{"0":0,"1":0,"2":0,"3":0,"4":0,"5":0},"b":{"0":[0,0],"1":[0],"2":[0],"3":[0,0],"4":[0],"5":[0,0],"6":[0],"7":[0],"8":[0,0],"9":[0],"10":[0],"11":[0,0],"12":[0]}}
}
