TN:
SF:app/components/PatternSelector.tsx
FN:12,PatternSelector
FN:28,(anonymous_5)
FN:36,(anonymous_6)
FN:37,(anonymous_7)
FN:38,(anonymous_8)
FN:43,(anonymous_9)
FN:46,(anonymous_10)
FN:47,handleClickOutside
FN:56,(anonymous_12)
FN:60,(anonymous_13)
FN:80,(anonymous_14)
FN:84,(anonymous_15)
FN:95,(anonymous_16)
FN:102,(anonymous_17)
FN:106,(anonymous_18)
FN:119,(anonymous_19)
FN:127,(anonymous_20)
FN:145,(anonymous_21)
FN:155,(anonymous_22)
FN:163,(anonymous_23)
FN:173,(anonymous_24)
FN:258,(anonymous_25)
FN:259,(anonymous_26)
FN:280,(anonymous_27)
FNF:24
FNH:22
FNDA:43,PatternSelector
FNDA:168,(anonymous_5)
FNDA:8,(anonymous_6)
FNDA:8,(anonymous_7)
FNDA:8,(anonymous_8)
FNDA:164,(anonymous_9)
FNDA:16,(anonymous_10)
FNDA:13,handleClickOutside
FNDA:16,(anonymous_12)
FNDA:18,(anonymous_13)
FNDA:1,(anonymous_14)
FNDA:0,(anonymous_15)
FNDA:2,(anonymous_16)
FNDA:1,(anonymous_17)
FNDA:45,(anonymous_18)
FNDA:45,(anonymous_19)
FNDA:1,(anonymous_20)
FNDA:1,(anonymous_21)
FNDA:2,(anonymous_22)
FNDA:1,(anonymous_23)
FNDA:1,(anonymous_24)
FNDA:14,(anonymous_25)
FNDA:9,(anonymous_26)
FNDA:0,(anonymous_27)
DA:3,1
DA:4,1
DA:12,16
DA:21,43
DA:22,43
DA:23,43
DA:24,43
DA:25,43
DA:28,43
DA:29,168
DA:34,43
DA:36,8
DA:37,8
DA:38,8
DA:43,164
DA:46,43
DA:48,13
DA:49,0
DA:50,0
DA:51,0
DA:55,16
DA:56,16
DA:60,43
DA:61,18
DA:62,0
DA:63,0
DA:64,0
DA:65,0
DA:67,0
DA:70,18
DA:72,1
DA:73,1
DA:74,1
DA:75,1
DA:76,1
DA:77,1
DA:79,1
DA:80,1
DA:81,1
DA:83,0
DA:84,0
DA:85,0
DA:87,2
DA:88,2
DA:89,1
DA:91,2
DA:95,43
DA:96,2
DA:97,2
DA:98,2
DA:99,2
DA:102,43
DA:103,1
DA:106,43
DA:107,45
DA:109,23
DA:111,12
DA:113,10
DA:115,0
DA:119,43
DA:120,45
DA:127,1
DA:145,43
DA:146,1
DA:155,2
DA:164,1
DA:174,1
DA:182,43
DA:204,42
DA:227,41
DA:258,14
DA:259,9
DA:280,0
LF:73
LH:60
BRDA:16,0,0,42
BRDA:17,1,0,42
BRDA:18,2,0,41
BRDA:19,3,0,41
BRDA:29,4,0,168
BRDA:29,4,1,51
BRDA:34,5,0,2
BRDA:34,5,1,41
BRDA:43,6,0,43
BRDA:43,6,1,41
BRDA:48,7,0,0
BRDA:48,8,0,13
BRDA:48,8,1,13
BRDA:61,9,0,0
BRDA:62,10,0,0
BRDA:62,11,0,0
BRDA:62,11,1,0
BRDA:62,11,2,0
BRDA:70,12,0,1
BRDA:70,12,1,1
BRDA:70,12,2,0
BRDA:70,12,3,2
BRDA:88,13,0,1
BRDA:88,14,0,2
BRDA:88,14,1,1
BRDA:107,15,0,23
BRDA:107,15,1,12
BRDA:107,15,2,10
BRDA:107,15,3,0
BRDA:123,16,0,1
BRDA:123,16,1,44
BRDA:139,17,0,45
BRDA:139,17,1,4
BRDA:146,18,0,0
BRDA:150,19,0,1
BRDA:158,20,0,1
BRDA:168,21,0,1
BRDA:182,22,0,1
BRDA:204,23,0,1
BRDA:227,24,0,1
BRDA:256,25,0,2
BRDA:256,25,1,38
BRDA:257,26,0,24
BRDA:257,26,1,16
BRDA:267,27,0,40
BRDA:283,28,0,24
BRDA:283,28,1,16
BRDA:287,29,0,40
BRDA:290,30,0,10
BRDA:295,31,0,1
BRDA:295,31,1,13
BRF:51
BRH:42
end_of_record
TN:
SF:app/components/ResultsTable.tsx
FN:22,ResultsTable
FN:37,(anonymous_5)
FN:38,(anonymous_6)
FN:44,(anonymous_7)
FN:48,(anonymous_8)
FN:58,(anonymous_9)
FN:67,(anonymous_10)
FN:87,(anonymous_11)
FN:101,(anonymous_12)
FN:108,(anonymous_13)
FN:116,(anonymous_14)
FN:127,(anonymous_15)
FN:133,(anonymous_16)
FN:134,(anonymous_17)
FN:195,(anonymous_21)
FN:212,(anonymous_22)
FN:232,(anonymous_23)
FN:248,(anonymous_24)
FN:264,(anonymous_25)
FN:287,(anonymous_26)
FN:290,(anonymous_27)
FN:293,(anonymous_28)
FN:297,(anonymous_29)
FN:308,(anonymous_30)
FN:309,(anonymous_31)
FNF:25
FNH:22
FNDA:38,ResultsTable
FNDA:31,(anonymous_5)
FNDA:31,(anonymous_6)
FNDA:31,(anonymous_7)
FNDA:2320,(anonymous_8)
FNDA:1152,(anonymous_9)
FNDA:1160,(anonymous_10)
FNDA:3,(anonymous_11)
FNDA:3,(anonymous_12)
FNDA:1,(anonymous_13)
FNDA:60,(anonymous_14)
FNDA:60,(anonymous_15)
FNDA:2,(anonymous_16)
FNDA:10,(anonymous_17)
FNDA:1,(anonymous_21)
FNDA:0,(anonymous_22)
FNDA:0,(anonymous_23)
FNDA:2,(anonymous_24)
FNDA:0,(anonymous_25)
FNDA:31,(anonymous_26)
FNDA:50,(anonymous_27)
FNDA:1110,(anonymous_28)
FNDA:1160,(anonymous_29)
FNDA:2,(anonymous_30)
FNDA:1,(anonymous_31)
DA:3,1
DA:11,1
DA:22,31
DA:33,38
DA:34,38
DA:37,38
DA:38,31
DA:39,31
DA:42,31
DA:43,31
DA:44,31
DA:48,38
DA:49,2320
DA:58,38
DA:59,1152
DA:60,1151
DA:61,1151
DA:62,0
DA:63,0
DA:67,38
DA:72,1160
DA:73,1105
DA:74,55
DA:75,54
DA:77,1
DA:80,1160
DA:81,1160
DA:83,1160
DA:87,38
DA:88,3
DA:91,3
DA:95,3
DA:96,3
DA:97,3
DA:101,38
DA:102,3
DA:103,3
DA:108,38
DA:109,1
DA:110,1
DA:111,1
DA:116,38
DA:117,60
DA:127,38
DA:128,60
DA:129,7
DA:133,38
DA:134,2
DA:135,10
DA:195,1
DA:212,0
DA:232,0
DA:248,2
DA:264,0
DA:287,38
DA:288,31
DA:290,50
DA:293,1110
DA:297,38
DA:298,1160
DA:299,1160
DA:301,1160
DA:308,2
DA:309,1
DA:343,38
DA:367,35
LF:66
LH:61
BRDA:24,0,0,36
BRDA:25,1,0,35
BRDA:26,2,0,37
BRDA:31,3,0,37
BRDA:33,4,0,38
BRDA:33,4,1,36
BRDA:59,5,0,1
BRDA:60,6,0,0
BRDA:61,7,0,1151
BRDA:62,8,0,0
BRDA:72,9,0,1105
BRDA:72,9,1,55
BRDA:74,10,0,54
BRDA:74,10,1,1
BRDA:80,11,0,1106
BRDA:80,11,1,54
BRDA:81,12,0,1105
BRDA:81,12,1,55
BRDA:81,13,0,54
BRDA:81,13,1,1
BRDA:88,14,0,0
BRDA:91,15,0,1
BRDA:91,15,1,2
BRDA:91,16,0,3
BRDA:91,16,1,1
BRDA:102,17,0,3
BRDA:109,18,0,1
BRDA:109,19,0,1
BRDA:109,19,1,0
BRDA:117,20,0,53
BRDA:120,21,0,5
BRDA:128,22,0,53
BRDA:129,23,0,5
BRDA:129,23,1,2
BRDA:155,24,0,10
BRDA:171,25,0,1106
BRDA:171,25,1,54
BRDA:172,26,0,54
BRDA:172,26,1,0
BRDA:194,27,0,12
BRDA:208,28,0,33
BRDA:211,29,0,12
BRDA:231,30,0,12
BRDA:247,31,0,12
BRDA:263,32,0,12
BRDA:277,33,0,33
BRDA:288,34,0,1
BRDA:288,35,0,31
BRDA:288,35,1,1
BRDA:306,36,0,12
BRDA:306,36,1,1148
BRDA:308,37,0,12
BRDA:308,37,1,1148
BRDA:309,38,0,12
BRDA:309,38,1,1148
BRDA:310,39,0,12
BRDA:310,39,1,1148
BRDA:311,40,0,12
BRDA:311,40,1,1148
BRDA:316,41,0,1160
BRDA:333,42,0,1160
BRDA:335,43,0,1152
BRDA:335,43,1,1
BRDA:343,44,0,3
BRDA:351,45,0,3
BRDA:367,46,0,2
BRDA:367,47,0,35
BRDA:367,47,1,33
BRDA:382,48,0,33
BRDA:392,49,0,2
BRDA:392,49,1,31
BRDA:392,50,0,33
BRDA:392,50,1,33
BRDA:396,51,0,2
BRDA:396,51,1,31
BRDA:402,52,0,33
BRDA:402,52,1,31
BRDA:406,53,0,29
BRDA:406,53,1,2
BRF:79
BRH:74
end_of_record
TN:
SF:app/components/StockScanner.tsx
FN:33,StockScanner
FN:57,(anonymous_5)
FN:58,(anonymous_6)
FN:64,(anonymous_7)
FN:68,(anonymous_8)
FN:69,(anonymous_9)
FN:82,(anonymous_10)
FN:85,(anonymous_11)
FN:111,(anonymous_12)
FN:131,(anonymous_13)
FN:145,(anonymous_14)
FN:146,(anonymous_15)
FN:147,(anonymous_16)
FN:154,(anonymous_17)
FN:155,(anonymous_18)
FN:159,(anonymous_19)
FN:166,(anonymous_20)
FN:176,(anonymous_21)
FN:206,(anonymous_22)
FN:231,(anonymous_23)
FN:248,(anonymous_24)
FN:273,(anonymous_25)
FN:274,(anonymous_26)
FN:295,(anonymous_27)
FN:296,(anonymous_28)
FN:317,(anonymous_29)
FN:318,(anonymous_30)
FN:340,(anonymous_31)
FN:363,(anonymous_32)
FNF:29
FNH:27
FNDA:87,StockScanner
FNDA:24,(anonymous_5)
FNDA:24,(anonymous_6)
FNDA:24,(anonymous_7)
FNDA:30,(anonymous_8)
FNDA:37,(anonymous_9)
FNDA:30,(anonymous_10)
FNDA:9,(anonymous_11)
FNDA:9,(anonymous_12)
FNDA:1,(anonymous_13)
FNDA:6,(anonymous_14)
FNDA:6,(anonymous_15)
FNDA:6,(anonymous_16)
FNDA:33,(anonymous_17)
FNDA:33,(anonymous_18)
FNDA:21,(anonymous_19)
FNDA:11,(anonymous_20)
FNDA:32,(anonymous_21)
FNDA:8,(anonymous_22)
FNDA:1,(anonymous_23)
FNDA:0,(anonymous_24)
FNDA:21,(anonymous_25)
FNDA:2,(anonymous_26)
FNDA:6,(anonymous_27)
FNDA:3,(anonymous_28)
FNDA:5,(anonymous_29)
FNDA:1,(anonymous_30)
FNDA:1,(anonymous_31)
FNDA:0,(anonymous_32)
DA:3,1
DA:4,1
DA:15,1
DA:33,24
DA:34,87
DA:43,87
DA:44,87
DA:45,87
DA:46,87
DA:47,87
DA:50,87
DA:57,87
DA:58,24
DA:59,24
DA:62,24
DA:63,24
DA:64,24
DA:68,87
DA:69,30
DA:70,37
DA:71,1
DA:72,1
DA:75,37
DA:76,1
DA:77,1
DA:81,30
DA:82,30
DA:85,87
DA:86,9
DA:88,9
DA:89,1
DA:92,9
DA:93,0
DA:96,9
DA:97,0
DA:100,9
DA:105,1
DA:108,9
DA:111,87
DA:112,9
DA:114,3
DA:115,3
DA:117,3
DA:119,3
DA:127,3
DA:128,3
DA:131,87
DA:132,1
DA:140,1
DA:141,1
DA:142,1
DA:145,87
DA:146,6
DA:147,6
DA:148,6
DA:149,6
DA:150,6
DA:154,87
DA:155,33
DA:158,33
DA:159,21
DA:160,21
DA:161,21
DA:162,21
DA:165,33
DA:166,11
DA:167,11
DA:168,11
DA:169,11
DA:170,11
DA:171,11
DA:176,87
DA:177,32
DA:178,32
DA:181,87
DA:207,8
DA:208,8
DA:231,1
DA:248,0
DA:273,21
DA:274,2
DA:295,6
DA:296,3
DA:317,5
DA:318,1
DA:340,1
DA:363,0
LF:87
LH:83
BRDA:33,0,0,80
BRDA:33,1,0,85
BRDA:70,2,0,1
BRDA:70,3,0,37
BRDA:70,3,1,1
BRDA:70,3,2,1
BRDA:75,4,0,1
BRDA:75,5,0,37
BRDA:75,5,1,2
BRDA:88,6,0,1
BRDA:88,7,0,9
BRDA:88,7,1,4
BRDA:92,8,0,0
BRDA:92,9,0,9
BRDA:92,9,1,5
BRDA:96,10,0,0
BRDA:96,11,0,9
BRDA:96,11,1,1
BRDA:100,12,0,1
BRDA:101,13,0,9
BRDA:101,13,1,5
BRDA:101,13,2,1
BRDA:112,14,0,6
BRDA:112,15,0,9
BRDA:112,15,1,3
BRDA:117,16,0,0
BRDA:158,17,0,21
BRDA:165,18,0,11
BRDA:165,19,0,33
BRDA:165,19,1,27
BRDA:177,20,0,0
BRDA:177,20,1,32
BRDA:181,21,0,87
BRDA:181,21,1,31
BRDA:191,22,0,87
BRDA:245,23,0,87
BRDA:252,24,0,0
BRDA:253,25,0,0
BRDA:253,25,1,1
BRDA:255,26,0,0
BRDA:260,27,0,1
BRDA:260,27,1,86
BRDA:260,28,0,87
BRDA:260,28,1,1
BRDA:272,29,0,87
BRDA:272,29,1,58
BRDA:279,30,0,87
BRDA:294,31,0,87
BRDA:294,31,1,70
BRDA:301,32,0,87
BRDA:316,33,0,87
BRDA:316,33,1,81
BRDA:323,34,0,87
BRDA:330,35,0,87
BRDA:347,36,0,2
BRDA:354,37,0,87
BRDA:377,38,0,87
BRDA:393,39,0,87
BRDA:393,39,1,30
BRDA:396,40,0,30
BRDA:396,40,1,57
BRDA:396,41,0,87
BRDA:396,41,1,30
BRDA:401,42,0,3
BRDA:401,42,1,84
BRDA:404,43,0,3
BRDA:418,44,0,87
BRF:67
BRH:60
end_of_record
TN:
SF:app/lib/api.ts
FN:15,(anonymous_5)
FN:25,fetchWithError
FN:35,(anonymous_7)
FN:46,fetchPatterns
FN:64,scanStocks
FN:86,fetchStockData
FNF:6
FNH:0
FNDA:0,(anonymous_5)
FNDA:0,fetchWithError
FNDA:0,(anonymous_7)
FNDA:0,fetchPatterns
FNDA:0,scanStocks
FNDA:0,fetchStockData
DA:12,0
DA:17,0
DA:18,0
DA:20,0
DA:21,0
DA:26,0
DA:34,0
DA:35,0
DA:36,0
DA:43,0
DA:46,0
DA:47,0
DA:48,0
DA:49,0
DA:51,0
DA:52,0
DA:55,0
DA:57,0
DA:58,0
DA:60,0
DA:64,0
DA:65,0
DA:66,0
DA:71,0
DA:73,0
DA:74,0
DA:77,0
DA:79,0
DA:80,0
DA:82,0
DA:86,0
DA:87,0
DA:88,0
DA:89,0
DA:91,0
DA:92,0
DA:95,0
DA:97,0
DA:98,0
DA:100,0
DA:104,0
LF:41
LH:0
BRDA:12,0,0,0
BRDA:12,0,1,0
BRDA:25,1,0,0
BRDA:34,2,0,0
BRDA:37,3,0,0
BRDA:37,3,1,0
BRDA:51,4,0,0
BRDA:52,5,0,0
BRDA:52,5,1,0
BRDA:57,6,0,0
BRDA:73,7,0,0
BRDA:74,8,0,0
BRDA:74,8,1,0
BRDA:79,9,0,0
BRDA:91,10,0,0
BRDA:92,11,0,0
BRDA:92,11,1,0
BRDA:97,12,0,0
BRF:18
BRH:0
end_of_record
